2025-09-01 13:20:00,334 - root - INFO - Application FastAPI démarrée ✅
2025-09-01 13:20:00,372 - root - INFO - Application FastAPI démarrée ✅
2025-09-01 13:21:53,000 - root - INFO - Application FastAPI démarrée ✅
2025-09-01 13:21:53,021 - root - INFO - Application FastAPI démarrée ✅
2025-09-01 13:22:33,242 - root - INFO - Application FastAPI démarrée ✅
2025-09-01 13:22:33,266 - root - INFO - Application FastAPI démarrée ✅
2025-09-01 13:22:40,127 - root - INFO - Temps d'exécution : 6.316502094268799 secondes
2025-09-01 13:23:00,955 - root - INFO - Temps d'exécution : 5.623510837554932 secondes
2025-09-01 13:25:10,948 - root - INFO - Application FastAPI démarrée ✅
2025-09-01 13:25:10,972 - root - INFO - Application FastAPI démarrée ✅
2025-09-01 13:25:20,175 - root - INFO - Temps d'exécution : 5.91150975227356 secondes
2025-09-01 13:28:40,709 - root - INFO - Application FastAPI démarrée ✅
2025-09-01 13:28:40,735 - root - INFO - Application FastAPI démarrée ✅
2025-09-01 13:28:48,304 - root - INFO - Temps d'exécution : 6.087310791015625 secondes
2025-09-01 13:41:05,126 - root - INFO - Application FastAPI démarrée ✅
2025-09-01 13:41:05,162 - root - INFO - Application FastAPI démarrée ✅
2025-09-01 13:42:47,636 - root - INFO - Application FastAPI démarrée ✅
2025-09-01 13:42:47,658 - root - INFO - Application FastAPI démarrée ✅
2025-09-01 13:43:14,315 - root - INFO - Application FastAPI démarrée ✅
2025-09-01 13:43:14,336 - root - INFO - Application FastAPI démarrée ✅
2025-09-01 13:43:35,062 - root - INFO - Application FastAPI démarrée ✅
2025-09-01 13:43:35,085 - root - INFO - Application FastAPI démarrée ✅
2025-09-01 13:43:46,973 - root - INFO - Création de la clusterisation
2025-09-01 13:43:53,598 - httpx - INFO - HTTP Request: POST https://albert.api.etalab.gouv.fr/v1/chat/completions "HTTP/1.1 429 Too Many Requests"
2025-09-01 13:43:53,277 - httpx - INFO - HTTP Request: POST https://api.olympia.bhub.cloud/v1/chat/completions "HTTP/1.1 200 OK"
2025-09-01 13:43:53,373 - httpx - INFO - HTTP Request: POST https://albert.api.etalab.gouv.fr/v1/chat/completions "HTTP/1.1 429 Too Many Requests"
2025-09-01 13:43:53,663 - httpx - INFO - HTTP Request: POST https://api.olympia.bhub.cloud/v1/chat/completions "HTTP/1.1 200 OK"
2025-09-01 13:43:53,747 - httpx - INFO - HTTP Request: POST https://albert.api.etalab.gouv.fr/v1/chat/completions "HTTP/1.1 429 Too Many Requests"
2025-09-01 13:43:54,255 - httpx - INFO - HTTP Request: POST https://api.olympia.bhub.cloud/v1/chat/completions "HTTP/1.1 200 OK"
2025-09-01 13:43:54,343 - httpx - INFO - HTTP Request: POST https://albert.api.etalab.gouv.fr/v1/chat/completions "HTTP/1.1 429 Too Many Requests"
2025-09-01 13:43:54,981 - httpx - INFO - HTTP Request: POST https://api.olympia.bhub.cloud/v1/chat/completions "HTTP/1.1 200 OK"
2025-09-01 13:43:55,064 - httpx - INFO - HTTP Request: POST https://albert.api.etalab.gouv.fr/v1/chat/completions "HTTP/1.1 429 Too Many Requests"
2025-09-01 13:43:55,701 - httpx - INFO - HTTP Request: POST https://api.olympia.bhub.cloud/v1/chat/completions "HTTP/1.1 200 OK"
2025-09-01 13:43:55,791 - httpx - INFO - HTTP Request: POST https://albert.api.etalab.gouv.fr/v1/chat/completions "HTTP/1.1 429 Too Many Requests"
2025-09-01 13:43:56,510 - httpx - INFO - HTTP Request: POST https://api.olympia.bhub.cloud/v1/chat/completions "HTTP/1.1 200 OK"
2025-09-01 13:43:56,597 - httpx - INFO - HTTP Request: POST https://albert.api.etalab.gouv.fr/v1/chat/completions "HTTP/1.1 429 Too Many Requests"
2025-09-01 13:43:57,655 - httpx - INFO - HTTP Request: POST https://api.olympia.bhub.cloud/v1/chat/completions "HTTP/1.1 200 OK"
2025-09-01 13:43:57,745 - httpx - INFO - HTTP Request: POST https://albert.api.etalab.gouv.fr/v1/chat/completions "HTTP/1.1 429 Too Many Requests"
2025-09-01 13:43:58,507 - httpx - INFO - HTTP Request: POST https://api.olympia.bhub.cloud/v1/chat/completions "HTTP/1.1 200 OK"
2025-09-01 13:43:58,594 - httpx - INFO - HTTP Request: POST https://albert.api.etalab.gouv.fr/v1/chat/completions "HTTP/1.1 429 Too Many Requests"
2025-09-01 13:43:58,807 - httpx - INFO - HTTP Request: POST https://api.olympia.bhub.cloud/v1/chat/completions "HTTP/1.1 200 OK"
2025-09-01 13:43:58,921 - httpx - INFO - HTTP Request: POST https://albert.api.etalab.gouv.fr/v1/chat/completions "HTTP/1.1 429 Too Many Requests"
2025-09-01 13:43:59,488 - httpx - INFO - HTTP Request: POST https://api.olympia.bhub.cloud/v1/chat/completions "HTTP/1.1 200 OK"
2025-09-01 13:44:06,461 - root - INFO - Temps d'exécution : 19.49571418762207 secondes
2025-09-01 13:46:14,885 - root - INFO - Création de la clusterisation
2025-09-01 13:46:37,650 - httpx - INFO - HTTP Request: POST https://albert.api.etalab.gouv.fr/v1/chat/completions "HTTP/1.1 429 Too Many Requests"
2025-09-01 13:46:39,182 - httpx - INFO - HTTP Request: POST https://api.olympia.bhub.cloud/v1/chat/completions "HTTP/1.1 200 OK"
2025-09-01 13:46:39,268 - httpx - INFO - HTTP Request: POST https://albert.api.etalab.gouv.fr/v1/chat/completions "HTTP/1.1 429 Too Many Requests"
2025-09-01 13:46:39,948 - httpx - INFO - HTTP Request: POST https://api.olympia.bhub.cloud/v1/chat/completions "HTTP/1.1 200 OK"
2025-09-01 13:46:40,182 - httpx - INFO - HTTP Request: POST https://albert.api.etalab.gouv.fr/v1/chat/completions "HTTP/1.1 429 Too Many Requests"
2025-09-01 13:46:40,884 - httpx - INFO - HTTP Request: POST https://api.olympia.bhub.cloud/v1/chat/completions "HTTP/1.1 200 OK"
2025-09-01 13:46:40,979 - httpx - INFO - HTTP Request: POST https://albert.api.etalab.gouv.fr/v1/chat/completions "HTTP/1.1 429 Too Many Requests"
2025-09-01 13:46:41,739 - httpx - INFO - HTTP Request: POST https://api.olympia.bhub.cloud/v1/chat/completions "HTTP/1.1 200 OK"
2025-09-01 13:46:41,832 - httpx - INFO - HTTP Request: POST https://albert.api.etalab.gouv.fr/v1/chat/completions "HTTP/1.1 429 Too Many Requests"
2025-09-01 13:46:42,590 - httpx - INFO - HTTP Request: POST https://api.olympia.bhub.cloud/v1/chat/completions "HTTP/1.1 200 OK"
2025-09-01 13:46:42,669 - httpx - INFO - HTTP Request: POST https://albert.api.etalab.gouv.fr/v1/chat/completions "HTTP/1.1 429 Too Many Requests"
2025-09-01 13:46:41,686 - httpx - INFO - HTTP Request: POST https://api.olympia.bhub.cloud/v1/chat/completions "HTTP/1.1 200 OK"
2025-09-01 13:46:41,817 - httpx - INFO - HTTP Request: POST https://albert.api.etalab.gouv.fr/v1/chat/completions "HTTP/1.1 429 Too Many Requests"
2025-09-01 13:46:42,868 - httpx - INFO - HTTP Request: POST https://api.olympia.bhub.cloud/v1/chat/completions "HTTP/1.1 200 OK"
2025-09-01 13:46:43,119 - httpx - INFO - HTTP Request: POST https://albert.api.etalab.gouv.fr/v1/chat/completions "HTTP/1.1 429 Too Many Requests"
2025-09-01 13:46:45,920 - httpx - INFO - HTTP Request: POST https://api.olympia.bhub.cloud/v1/chat/completions "HTTP/1.1 200 OK"
2025-09-01 13:46:46,032 - httpx - INFO - HTTP Request: POST https://albert.api.etalab.gouv.fr/v1/chat/completions "HTTP/1.1 429 Too Many Requests"
2025-09-01 13:46:46,954 - httpx - INFO - HTTP Request: POST https://api.olympia.bhub.cloud/v1/chat/completions "HTTP/1.1 200 OK"
2025-09-01 13:46:47,092 - httpx - INFO - HTTP Request: POST https://albert.api.etalab.gouv.fr/v1/chat/completions "HTTP/1.1 429 Too Many Requests"
2025-09-01 13:46:47,727 - httpx - INFO - HTTP Request: POST https://api.olympia.bhub.cloud/v1/chat/completions "HTTP/1.1 200 OK"
2025-09-01 13:47:08,364 - root - INFO - Temps d'exécution : 53.488078594207764 secondes
2025-09-01 13:55:12,977 - root - INFO - Création de la clusterisation
2025-09-01 13:55:33,215 - httpx - INFO - HTTP Request: POST https://albert.api.etalab.gouv.fr/v1/chat/completions "HTTP/1.1 429 Too Many Requests"
2025-09-01 13:55:35,464 - httpx - INFO - HTTP Request: POST https://api.olympia.bhub.cloud/v1/chat/completions "HTTP/1.1 200 OK"
2025-09-01 13:55:35,679 - httpx - INFO - HTTP Request: POST https://albert.api.etalab.gouv.fr/v1/chat/completions "HTTP/1.1 429 Too Many Requests"
2025-09-01 13:55:36,501 - httpx - INFO - HTTP Request: POST https://api.olympia.bhub.cloud/v1/chat/completions "HTTP/1.1 200 OK"
2025-09-01 13:55:36,611 - httpx - INFO - HTTP Request: POST https://albert.api.etalab.gouv.fr/v1/chat/completions "HTTP/1.1 429 Too Many Requests"
2025-09-01 13:55:37,609 - httpx - INFO - HTTP Request: POST https://api.olympia.bhub.cloud/v1/chat/completions "HTTP/1.1 200 OK"
2025-09-01 13:55:37,692 - httpx - INFO - HTTP Request: POST https://albert.api.etalab.gouv.fr/v1/chat/completions "HTTP/1.1 429 Too Many Requests"
2025-09-01 13:55:38,124 - httpx - INFO - HTTP Request: POST https://api.olympia.bhub.cloud/v1/chat/completions "HTTP/1.1 200 OK"
2025-09-01 13:55:38,254 - httpx - INFO - HTTP Request: POST https://albert.api.etalab.gouv.fr/v1/chat/completions "HTTP/1.1 429 Too Many Requests"
2025-09-01 13:55:40,119 - httpx - INFO - HTTP Request: POST https://api.olympia.bhub.cloud/v1/chat/completions "HTTP/1.1 200 OK"
2025-09-01 13:55:40,253 - httpx - INFO - HTTP Request: POST https://albert.api.etalab.gouv.fr/v1/chat/completions "HTTP/1.1 429 Too Many Requests"
2025-09-01 13:55:41,524 - httpx - INFO - HTTP Request: POST https://api.olympia.bhub.cloud/v1/chat/completions "HTTP/1.1 200 OK"
2025-09-01 13:55:41,608 - httpx - INFO - HTTP Request: POST https://albert.api.etalab.gouv.fr/v1/chat/completions "HTTP/1.1 429 Too Many Requests"
2025-09-01 13:55:41,864 - httpx - INFO - HTTP Request: POST https://api.olympia.bhub.cloud/v1/chat/completions "HTTP/1.1 200 OK"
2025-09-01 13:55:41,992 - httpx - INFO - HTTP Request: POST https://albert.api.etalab.gouv.fr/v1/chat/completions "HTTP/1.1 429 Too Many Requests"
2025-09-01 13:55:43,892 - httpx - INFO - HTTP Request: POST https://api.olympia.bhub.cloud/v1/chat/completions "HTTP/1.1 200 OK"
2025-09-01 13:55:44,038 - httpx - INFO - HTTP Request: POST https://albert.api.etalab.gouv.fr/v1/chat/completions "HTTP/1.1 429 Too Many Requests"
2025-09-01 13:55:46,556 - httpx - INFO - HTTP Request: POST https://api.olympia.bhub.cloud/v1/chat/completions "HTTP/1.1 200 OK"
2025-09-01 13:55:46,771 - httpx - INFO - HTTP Request: POST https://albert.api.etalab.gouv.fr/v1/chat/completions "HTTP/1.1 429 Too Many Requests"
2025-09-01 13:55:51,071 - httpx - INFO - HTTP Request: POST https://api.olympia.bhub.cloud/v1/chat/completions "HTTP/1.1 200 OK"
2025-09-01 13:56:07,903 - root - INFO - Temps d'exécution : 54.94218564033508 secondes
2025-09-01 14:25:03,077 - root - INFO - Application FastAPI démarrée ✅
2025-09-01 14:25:03,102 - root - INFO - Application FastAPI démarrée ✅
2025-09-01 14:25:09,812 - root - INFO - Création de la clusterisation
2025-09-01 14:25:09,822 - root - INFO - Temps d'exécution : 0.0316319465637207 secondes
2025-09-01 14:26:54,185 - root - INFO - Application FastAPI démarrée ✅
2025-09-01 14:26:54,211 - root - INFO - Application FastAPI démarrée ✅
2025-09-01 14:26:55,598 - root - INFO - Création de la clusterisation
2025-09-01 14:26:55,602 - root - INFO - Temps d'exécution : 0.013968467712402344 secondes
2025-09-01 14:28:08,294 - root - INFO - Application FastAPI démarrée ✅
2025-09-01 14:28:08,317 - root - INFO - Application FastAPI démarrée ✅
2025-09-01 14:28:16,257 - root - INFO - Création de la clusterisation
2025-09-01 14:28:16,262 - root - INFO - Temps d'exécution : 0.017042875289916992 secondes
2025-09-01 14:28:27,289 - root - INFO - Création de la filtration
2025-09-01 14:28:27,307 - root - INFO - Création de la clusterisation
2025-09-01 14:28:27,312 - root - INFO - Temps d'exécution : 0.0425257682800293 secondes
2025-09-01 14:29:08,681 - root - INFO - Application FastAPI démarrée ✅
2025-09-01 14:29:08,703 - root - INFO - Application FastAPI démarrée ✅
2025-09-01 14:29:17,802 - root - INFO - Création de la filtration
2025-09-01 14:29:17,808 - root - INFO - Création de la clusterisation
2025-09-01 14:29:17,812 - root - INFO - Temps d'exécution : 0.018703699111938477 secondes
2025-09-01 14:29:56,693 - root - INFO - Application FastAPI démarrée ✅
2025-09-01 14:29:56,713 - root - INFO - Application FastAPI démarrée ✅
2025-09-01 14:30:02,468 - root - INFO - Création de la filtration
2025-09-01 14:30:02,474 - root - INFO - Création de la clusterisation
2025-09-01 14:30:02,479 - root - INFO - Temps d'exécution : 0.01621079444885254 secondes
2025-09-01 14:30:18,571 - root - INFO - Application FastAPI démarrée ✅
2025-09-01 14:30:18,595 - root - INFO - Application FastAPI démarrée ✅
2025-09-01 14:30:22,524 - root - INFO - Création de la filtration
2025-09-01 14:30:22,532 - root - INFO - Création de la clusterisation
2025-09-01 14:30:22,535 - root - INFO - Temps d'exécution : 0.017923831939697266 secondes
2025-09-01 14:31:10,862 - root - INFO - Application FastAPI démarrée ✅
2025-09-01 14:31:10,884 - root - INFO - Application FastAPI démarrée ✅
2025-09-01 14:31:17,305 - root - INFO - Création de la filtration
2025-09-01 14:31:37,548 - root - INFO - Création de la clusterisation
2025-09-01 14:31:38,744 - httpx - INFO - HTTP Request: POST https://albert.api.etalab.gouv.fr/v1/chat/completions "HTTP/1.1 429 Too Many Requests"
2025-09-01 14:31:40,494 - httpx - INFO - HTTP Request: POST https://api.olympia.bhub.cloud/v1/chat/completions "HTTP/1.1 200 OK"
2025-09-01 14:31:40,597 - httpx - INFO - HTTP Request: POST https://albert.api.etalab.gouv.fr/v1/chat/completions "HTTP/1.1 429 Too Many Requests"
2025-09-01 14:31:40,887 - httpx - INFO - HTTP Request: POST https://api.olympia.bhub.cloud/v1/chat/completions "HTTP/1.1 200 OK"
2025-09-01 14:31:40,982 - httpx - INFO - HTTP Request: POST https://albert.api.etalab.gouv.fr/v1/chat/completions "HTTP/1.1 429 Too Many Requests"
2025-09-01 14:31:41,520 - httpx - INFO - HTTP Request: POST https://api.olympia.bhub.cloud/v1/chat/completions "HTTP/1.1 200 OK"
2025-09-01 14:31:41,801 - httpx - INFO - HTTP Request: POST https://albert.api.etalab.gouv.fr/v1/chat/completions "HTTP/1.1 429 Too Many Requests"
2025-09-01 14:31:43,523 - httpx - INFO - HTTP Request: POST https://api.olympia.bhub.cloud/v1/chat/completions "HTTP/1.1 200 OK"
2025-09-01 14:31:43,609 - httpx - INFO - HTTP Request: POST https://albert.api.etalab.gouv.fr/v1/chat/completions "HTTP/1.1 429 Too Many Requests"
2025-09-01 14:31:44,333 - httpx - INFO - HTTP Request: POST https://api.olympia.bhub.cloud/v1/chat/completions "HTTP/1.1 200 OK"
2025-09-01 14:31:44,422 - httpx - INFO - HTTP Request: POST https://albert.api.etalab.gouv.fr/v1/chat/completions "HTTP/1.1 429 Too Many Requests"
2025-09-01 14:31:43,247 - httpx - INFO - HTTP Request: POST https://api.olympia.bhub.cloud/v1/chat/completions "HTTP/1.1 200 OK"
2025-09-01 14:31:43,324 - httpx - INFO - HTTP Request: POST https://albert.api.etalab.gouv.fr/v1/chat/completions "HTTP/1.1 429 Too Many Requests"
2025-09-01 14:31:44,447 - httpx - INFO - HTTP Request: POST https://api.olympia.bhub.cloud/v1/chat/completions "HTTP/1.1 200 OK"
2025-09-01 14:31:44,552 - httpx - INFO - HTTP Request: POST https://albert.api.etalab.gouv.fr/v1/chat/completions "HTTP/1.1 429 Too Many Requests"
2025-09-01 14:31:45,388 - httpx - INFO - HTTP Request: POST https://api.olympia.bhub.cloud/v1/chat/completions "HTTP/1.1 200 OK"
2025-09-01 14:31:45,475 - httpx - INFO - HTTP Request: POST https://albert.api.etalab.gouv.fr/v1/chat/completions "HTTP/1.1 429 Too Many Requests"
2025-09-01 14:31:45,725 - httpx - INFO - HTTP Request: POST https://api.olympia.bhub.cloud/v1/chat/completions "HTTP/1.1 200 OK"
2025-09-01 14:31:45,810 - httpx - INFO - HTTP Request: POST https://albert.api.etalab.gouv.fr/v1/chat/completions "HTTP/1.1 429 Too Many Requests"
2025-09-01 14:31:46,369 - httpx - INFO - HTTP Request: POST https://api.olympia.bhub.cloud/v1/chat/completions "HTTP/1.1 200 OK"
2025-09-01 14:31:46,824 - root - INFO - Temps d'exécution : 29.526156902313232 secondes
2025-09-01 14:32:13,057 - root - INFO - Création de la clusterisation
2025-09-01 14:32:15,909 - httpx - INFO - HTTP Request: POST https://albert.api.etalab.gouv.fr/v1/chat/completions "HTTP/1.1 429 Too Many Requests"
2025-09-01 14:32:18,162 - httpx - INFO - HTTP Request: POST https://api.olympia.bhub.cloud/v1/chat/completions "HTTP/1.1 200 OK"
2025-09-01 14:32:18,332 - httpx - INFO - HTTP Request: POST https://albert.api.etalab.gouv.fr/v1/chat/completions "HTTP/1.1 429 Too Many Requests"
2025-09-01 14:32:21,150 - httpx - INFO - HTTP Request: POST https://api.olympia.bhub.cloud/v1/chat/completions "HTTP/1.1 200 OK"
2025-09-01 14:32:21,277 - httpx - INFO - HTTP Request: POST https://albert.api.etalab.gouv.fr/v1/chat/completions "HTTP/1.1 429 Too Many Requests"
2025-09-01 14:32:22,343 - httpx - INFO - HTTP Request: POST https://api.olympia.bhub.cloud/v1/chat/completions "HTTP/1.1 200 OK"
2025-09-01 14:32:22,436 - httpx - INFO - HTTP Request: POST https://albert.api.etalab.gouv.fr/v1/chat/completions "HTTP/1.1 429 Too Many Requests"
2025-09-01 14:32:22,770 - httpx - INFO - HTTP Request: POST https://api.olympia.bhub.cloud/v1/chat/completions "HTTP/1.1 200 OK"
2025-09-01 14:32:22,933 - httpx - INFO - HTTP Request: POST https://albert.api.etalab.gouv.fr/v1/chat/completions "HTTP/1.1 429 Too Many Requests"
2025-09-01 14:32:24,904 - httpx - INFO - HTTP Request: POST https://api.olympia.bhub.cloud/v1/chat/completions "HTTP/1.1 200 OK"
2025-09-01 14:32:25,118 - httpx - INFO - HTTP Request: POST https://albert.api.etalab.gouv.fr/v1/chat/completions "HTTP/1.1 429 Too Many Requests"
2025-09-01 14:32:26,448 - httpx - INFO - HTTP Request: POST https://api.olympia.bhub.cloud/v1/chat/completions "HTTP/1.1 200 OK"
2025-09-01 14:32:26,537 - httpx - INFO - HTTP Request: POST https://albert.api.etalab.gouv.fr/v1/chat/completions "HTTP/1.1 429 Too Many Requests"
2025-09-01 14:32:26,787 - httpx - INFO - HTTP Request: POST https://api.olympia.bhub.cloud/v1/chat/completions "HTTP/1.1 200 OK"
2025-09-01 14:32:26,957 - httpx - INFO - HTTP Request: POST https://albert.api.etalab.gouv.fr/v1/chat/completions "HTTP/1.1 429 Too Many Requests"
2025-09-01 14:32:28,838 - httpx - INFO - HTTP Request: POST https://api.olympia.bhub.cloud/v1/chat/completions "HTTP/1.1 200 OK"
2025-09-01 14:32:28,971 - httpx - INFO - HTTP Request: POST https://albert.api.etalab.gouv.fr/v1/chat/completions "HTTP/1.1 429 Too Many Requests"
2025-09-01 14:32:31,434 - httpx - INFO - HTTP Request: POST https://api.olympia.bhub.cloud/v1/chat/completions "HTTP/1.1 200 OK"
2025-09-01 14:32:31,599 - httpx - INFO - HTTP Request: POST https://albert.api.etalab.gouv.fr/v1/chat/completions "HTTP/1.1 429 Too Many Requests"
2025-09-01 14:32:35,925 - httpx - INFO - HTTP Request: POST https://api.olympia.bhub.cloud/v1/chat/completions "HTTP/1.1 200 OK"
2025-09-01 14:32:37,947 - root - INFO - Temps d'exécution : 24.903350353240967 secondes
2025-09-01 14:32:51,250 - root - INFO - Temps d'exécution : 0.2987022399902344 secondes
2025-09-01 14:38:21,338 - root - INFO - Création de la filtration
2025-09-01 14:38:21,528 - root - INFO - Création de la clusterisation
2025-09-01 14:38:22,384 - httpx - INFO - HTTP Request: POST https://albert.api.etalab.gouv.fr/v1/chat/completions "HTTP/1.1 429 Too Many Requests"
2025-09-01 14:38:23,961 - httpx - INFO - HTTP Request: POST https://api.olympia.bhub.cloud/v1/chat/completions "HTTP/1.1 200 OK"
2025-09-01 14:38:24,046 - httpx - INFO - HTTP Request: POST https://albert.api.etalab.gouv.fr/v1/chat/completions "HTTP/1.1 429 Too Many Requests"
2025-09-01 14:38:24,390 - httpx - INFO - HTTP Request: POST https://api.olympia.bhub.cloud/v1/chat/completions "HTTP/1.1 200 OK"
2025-09-01 14:38:24,476 - httpx - INFO - HTTP Request: POST https://albert.api.etalab.gouv.fr/v1/chat/completions "HTTP/1.1 429 Too Many Requests"
2025-09-01 14:38:24,983 - httpx - INFO - HTTP Request: POST https://api.olympia.bhub.cloud/v1/chat/completions "HTTP/1.1 200 OK"
2025-09-01 14:38:25,074 - httpx - INFO - HTTP Request: POST https://albert.api.etalab.gouv.fr/v1/chat/completions "HTTP/1.1 429 Too Many Requests"
2025-09-01 14:38:25,675 - httpx - INFO - HTTP Request: POST https://api.olympia.bhub.cloud/v1/chat/completions "HTTP/1.1 200 OK"
2025-09-01 14:38:25,772 - httpx - INFO - HTTP Request: POST https://albert.api.etalab.gouv.fr/v1/chat/completions "HTTP/1.1 429 Too Many Requests"
2025-09-01 14:38:26,435 - httpx - INFO - HTTP Request: POST https://api.olympia.bhub.cloud/v1/chat/completions "HTTP/1.1 200 OK"
2025-09-01 14:38:26,521 - httpx - INFO - HTTP Request: POST https://albert.api.etalab.gouv.fr/v1/chat/completions "HTTP/1.1 429 Too Many Requests"
2025-09-01 14:38:27,148 - httpx - INFO - HTTP Request: POST https://api.olympia.bhub.cloud/v1/chat/completions "HTTP/1.1 200 OK"
2025-09-01 14:38:27,244 - httpx - INFO - HTTP Request: POST https://albert.api.etalab.gouv.fr/v1/chat/completions "HTTP/1.1 429 Too Many Requests"
2025-09-01 14:38:28,354 - httpx - INFO - HTTP Request: POST https://api.olympia.bhub.cloud/v1/chat/completions "HTTP/1.1 200 OK"
2025-09-01 14:38:28,432 - httpx - INFO - HTTP Request: POST https://albert.api.etalab.gouv.fr/v1/chat/completions "HTTP/1.1 429 Too Many Requests"
2025-09-01 14:38:29,294 - httpx - INFO - HTTP Request: POST https://api.olympia.bhub.cloud/v1/chat/completions "HTTP/1.1 200 OK"
2025-09-01 14:38:29,383 - httpx - INFO - HTTP Request: POST https://albert.api.etalab.gouv.fr/v1/chat/completions "HTTP/1.1 429 Too Many Requests"
2025-09-01 14:38:29,598 - httpx - INFO - HTTP Request: POST https://api.olympia.bhub.cloud/v1/chat/completions "HTTP/1.1 200 OK"
2025-09-01 14:38:29,719 - httpx - INFO - HTTP Request: POST https://albert.api.etalab.gouv.fr/v1/chat/completions "HTTP/1.1 429 Too Many Requests"
2025-09-01 14:38:30,315 - httpx - INFO - HTTP Request: POST https://api.olympia.bhub.cloud/v1/chat/completions "HTTP/1.1 200 OK"
2025-09-01 14:38:30,607 - root - INFO - Temps d'exécution : 9.275070667266846 secondes
2025-09-01 14:40:11,736 - root - INFO - Création de la clusterisation
2025-09-01 14:40:12,385 - httpx - INFO - HTTP Request: POST https://albert.api.etalab.gouv.fr/v1/chat/completions "HTTP/1.1 429 Too Many Requests"
2025-09-01 14:40:12,965 - httpx - INFO - HTTP Request: POST https://api.olympia.bhub.cloud/v1/chat/completions "HTTP/1.1 200 OK"
2025-09-01 14:40:13,054 - httpx - INFO - HTTP Request: POST https://albert.api.etalab.gouv.fr/v1/chat/completions "HTTP/1.1 429 Too Many Requests"
2025-09-01 14:40:13,437 - httpx - INFO - HTTP Request: POST https://api.olympia.bhub.cloud/v1/chat/completions "HTTP/1.1 200 OK"
2025-09-01 14:40:13,529 - httpx - INFO - HTTP Request: POST https://albert.api.etalab.gouv.fr/v1/chat/completions "HTTP/1.1 429 Too Many Requests"
2025-09-01 14:40:13,991 - httpx - INFO - HTTP Request: POST https://api.olympia.bhub.cloud/v1/chat/completions "HTTP/1.1 200 OK"
2025-09-01 14:40:14,125 - httpx - INFO - HTTP Request: POST https://albert.api.etalab.gouv.fr/v1/chat/completions "HTTP/1.1 429 Too Many Requests"
2025-09-01 14:40:14,533 - httpx - INFO - HTTP Request: POST https://api.olympia.bhub.cloud/v1/chat/completions "HTTP/1.1 200 OK"
2025-09-01 14:40:14,625 - httpx - INFO - HTTP Request: POST https://albert.api.etalab.gouv.fr/v1/chat/completions "HTTP/1.1 429 Too Many Requests"
2025-09-01 14:40:15,225 - httpx - INFO - HTTP Request: POST https://api.olympia.bhub.cloud/v1/chat/completions "HTTP/1.1 200 OK"
2025-09-01 14:40:15,340 - httpx - INFO - HTTP Request: POST https://albert.api.etalab.gouv.fr/v1/chat/completions "HTTP/1.1 429 Too Many Requests"
2025-09-01 14:40:15,746 - httpx - INFO - HTTP Request: POST https://api.olympia.bhub.cloud/v1/chat/completions "HTTP/1.1 200 OK"
2025-09-01 14:40:15,827 - httpx - INFO - HTTP Request: POST https://albert.api.etalab.gouv.fr/v1/chat/completions "HTTP/1.1 429 Too Many Requests"
2025-09-01 14:40:16,300 - httpx - INFO - HTTP Request: POST https://api.olympia.bhub.cloud/v1/chat/completions "HTTP/1.1 200 OK"
2025-09-01 14:40:16,382 - httpx - INFO - HTTP Request: POST https://albert.api.etalab.gouv.fr/v1/chat/completions "HTTP/1.1 429 Too Many Requests"
2025-09-01 14:40:16,803 - httpx - INFO - HTTP Request: POST https://api.olympia.bhub.cloud/v1/chat/completions "HTTP/1.1 200 OK"
2025-09-01 14:40:16,959 - httpx - INFO - HTTP Request: POST https://albert.api.etalab.gouv.fr/v1/chat/completions "HTTP/1.1 429 Too Many Requests"
2025-09-01 14:40:17,484 - httpx - INFO - HTTP Request: POST https://api.olympia.bhub.cloud/v1/chat/completions "HTTP/1.1 200 OK"
2025-09-01 14:40:17,617 - httpx - INFO - HTTP Request: POST https://albert.api.etalab.gouv.fr/v1/chat/completions "HTTP/1.1 429 Too Many Requests"
2025-09-01 14:40:18,038 - httpx - INFO - HTTP Request: POST https://api.olympia.bhub.cloud/v1/chat/completions "HTTP/1.1 200 OK"
2025-09-01 14:40:18,211 - root - INFO - Temps d'exécution : 6.49647331237793 secondes
2025-09-01 14:40:23,097 - root - INFO - Temps d'exécution : 0.15381717681884766 secondes
2025-09-01 14:41:34,379 - root - INFO - Création de la clusterisation
2025-09-01 14:41:34,826 - httpx - INFO - HTTP Request: POST https://albert.api.etalab.gouv.fr/v1/chat/completions "HTTP/1.1 429 Too Many Requests"
2025-09-01 14:41:33,451 - httpx - INFO - HTTP Request: POST https://api.olympia.bhub.cloud/v1/chat/completions "HTTP/1.1 200 OK"
2025-09-01 14:41:33,548 - httpx - INFO - HTTP Request: POST https://albert.api.etalab.gouv.fr/v1/chat/completions "HTTP/1.1 429 Too Many Requests"
2025-09-01 14:41:33,738 - httpx - INFO - HTTP Request: POST https://api.olympia.bhub.cloud/v1/chat/completions "HTTP/1.1 200 OK"
2025-09-01 14:41:33,819 - httpx - INFO - HTTP Request: POST https://albert.api.etalab.gouv.fr/v1/chat/completions "HTTP/1.1 429 Too Many Requests"
2025-09-01 14:41:34,152 - httpx - INFO - HTTP Request: POST https://api.olympia.bhub.cloud/v1/chat/completions "HTTP/1.1 200 OK"
2025-09-01 14:41:34,229 - httpx - INFO - HTTP Request: POST https://albert.api.etalab.gouv.fr/v1/chat/completions "HTTP/1.1 429 Too Many Requests"
2025-09-01 14:41:34,473 - httpx - INFO - HTTP Request: POST https://api.olympia.bhub.cloud/v1/chat/completions "HTTP/1.1 200 OK"
2025-09-01 14:41:34,540 - httpx - INFO - HTTP Request: POST https://albert.api.etalab.gouv.fr/v1/chat/completions "HTTP/1.1 429 Too Many Requests"
2025-09-01 14:41:34,914 - httpx - INFO - HTTP Request: POST https://api.olympia.bhub.cloud/v1/chat/completions "HTTP/1.1 200 OK"
2025-09-01 14:41:35,001 - httpx - INFO - HTTP Request: POST https://albert.api.etalab.gouv.fr/v1/chat/completions "HTTP/1.1 429 Too Many Requests"
2025-09-01 14:41:35,220 - httpx - INFO - HTTP Request: POST https://api.olympia.bhub.cloud/v1/chat/completions "HTTP/1.1 200 OK"
2025-09-01 14:41:35,295 - httpx - INFO - HTTP Request: POST https://albert.api.etalab.gouv.fr/v1/chat/completions "HTTP/1.1 429 Too Many Requests"
2025-09-01 14:41:35,737 - httpx - INFO - HTTP Request: POST https://api.olympia.bhub.cloud/v1/chat/completions "HTTP/1.1 200 OK"
2025-09-01 14:41:35,829 - httpx - INFO - HTTP Request: POST https://albert.api.etalab.gouv.fr/v1/chat/completions "HTTP/1.1 429 Too Many Requests"
2025-09-01 14:41:36,257 - httpx - INFO - HTTP Request: POST https://api.olympia.bhub.cloud/v1/chat/completions "HTTP/1.1 200 OK"
2025-09-01 14:41:36,359 - httpx - INFO - HTTP Request: POST https://albert.api.etalab.gouv.fr/v1/chat/completions "HTTP/1.1 429 Too Many Requests"
2025-09-01 14:41:36,601 - httpx - INFO - HTTP Request: POST https://api.olympia.bhub.cloud/v1/chat/completions "HTTP/1.1 200 OK"
2025-09-01 14:41:36,676 - httpx - INFO - HTTP Request: POST https://albert.api.etalab.gouv.fr/v1/chat/completions "HTTP/1.1 429 Too Many Requests"
2025-09-01 14:41:36,965 - httpx - INFO - HTTP Request: POST https://api.olympia.bhub.cloud/v1/chat/completions "HTTP/1.1 200 OK"
2025-09-01 14:41:37,021 - root - INFO - Temps d'exécution : 2.6623573303222656 secondes
2025-09-01 15:44:17,248 - root - INFO - Temps d'exécution : -1.3075175285339355 secondes
2025-09-01 15:51:45,843 - root - INFO - Temps d'exécution : 0.24869418144226074 secondes
2025-09-01 15:53:06,780 - root - INFO - Création de la clusterisation
2025-09-01 15:53:09,337 - httpx - INFO - HTTP Request: POST https://albert.api.etalab.gouv.fr/v1/chat/completions "HTTP/1.1 429 Too Many Requests"
2025-09-01 15:53:10,862 - httpx - INFO - HTTP Request: POST https://api.olympia.bhub.cloud/v1/chat/completions "HTTP/1.1 200 OK"
2025-09-01 15:53:10,984 - httpx - INFO - HTTP Request: POST https://albert.api.etalab.gouv.fr/v1/chat/completions "HTTP/1.1 429 Too Many Requests"
2025-09-01 15:53:11,593 - httpx - INFO - HTTP Request: POST https://api.olympia.bhub.cloud/v1/chat/completions "HTTP/1.1 200 OK"
2025-09-01 15:53:11,680 - httpx - INFO - HTTP Request: POST https://albert.api.etalab.gouv.fr/v1/chat/completions "HTTP/1.1 429 Too Many Requests"
2025-09-01 15:53:10,582 - httpx - INFO - HTTP Request: POST https://api.olympia.bhub.cloud/v1/chat/completions "HTTP/1.1 200 OK"
2025-09-01 15:53:10,664 - httpx - INFO - HTTP Request: POST https://albert.api.etalab.gouv.fr/v1/chat/completions "HTTP/1.1 429 Too Many Requests"
2025-09-01 15:53:11,522 - httpx - INFO - HTTP Request: POST https://api.olympia.bhub.cloud/v1/chat/completions "HTTP/1.1 200 OK"
2025-09-01 15:53:11,613 - httpx - INFO - HTTP Request: POST https://albert.api.etalab.gouv.fr/v1/chat/completions "HTTP/1.1 429 Too Many Requests"
2025-09-01 15:53:12,466 - httpx - INFO - HTTP Request: POST https://api.olympia.bhub.cloud/v1/chat/completions "HTTP/1.1 200 OK"
2025-09-01 15:53:12,549 - httpx - INFO - HTTP Request: POST https://albert.api.etalab.gouv.fr/v1/chat/completions "HTTP/1.1 429 Too Many Requests"
2025-09-01 15:53:13,535 - httpx - INFO - HTTP Request: POST https://api.olympia.bhub.cloud/v1/chat/completions "HTTP/1.1 200 OK"
2025-09-01 15:53:13,655 - httpx - INFO - HTTP Request: POST https://albert.api.etalab.gouv.fr/v1/chat/completions "HTTP/1.1 429 Too Many Requests"
2025-09-01 15:53:14,743 - httpx - INFO - HTTP Request: POST https://api.olympia.bhub.cloud/v1/chat/completions "HTTP/1.1 200 OK"
2025-09-01 15:53:14,902 - httpx - INFO - HTTP Request: POST https://albert.api.etalab.gouv.fr/v1/chat/completions "HTTP/1.1 429 Too Many Requests"
2025-09-01 15:53:17,760 - httpx - INFO - HTTP Request: POST https://api.olympia.bhub.cloud/v1/chat/completions "HTTP/1.1 200 OK"
2025-09-01 15:53:17,891 - httpx - INFO - HTTP Request: POST https://albert.api.etalab.gouv.fr/v1/chat/completions "HTTP/1.1 429 Too Many Requests"
2025-09-01 15:53:18,744 - httpx - INFO - HTTP Request: POST https://api.olympia.bhub.cloud/v1/chat/completions "HTTP/1.1 200 OK"
2025-09-01 15:53:18,824 - httpx - INFO - HTTP Request: POST https://albert.api.etalab.gouv.fr/v1/chat/completions "HTTP/1.1 429 Too Many Requests"
2025-09-01 15:53:19,471 - httpx - INFO - HTTP Request: POST https://api.olympia.bhub.cloud/v1/chat/completions "HTTP/1.1 200 OK"
2025-09-01 15:53:20,313 - root - INFO - Temps d'exécution : 13.559868812561035 secondes
2025-09-01 15:54:36,983 - root - INFO - Temps d'exécution : 0.22672390937805176 secondes
2025-09-01 16:23:28,183 - root - INFO - Création de la filtration
2025-09-01 16:23:28,495 - root - INFO - Création de la clusterisation
2025-09-01 16:23:29,812 - httpx - INFO - HTTP Request: POST https://albert.api.etalab.gouv.fr/v1/chat/completions "HTTP/1.1 429 Too Many Requests"
2025-09-01 16:23:31,442 - httpx - INFO - HTTP Request: POST https://api.olympia.bhub.cloud/v1/chat/completions "HTTP/1.1 200 OK"
2025-09-01 16:23:31,570 - httpx - INFO - HTTP Request: POST https://albert.api.etalab.gouv.fr/v1/chat/completions "HTTP/1.1 429 Too Many Requests"
2025-09-01 16:23:31,871 - httpx - INFO - HTTP Request: POST https://api.olympia.bhub.cloud/v1/chat/completions "HTTP/1.1 200 OK"
2025-09-01 16:23:31,997 - httpx - INFO - HTTP Request: POST https://albert.api.etalab.gouv.fr/v1/chat/completions "HTTP/1.1 429 Too Many Requests"
2025-09-01 16:23:32,504 - httpx - INFO - HTTP Request: POST https://api.olympia.bhub.cloud/v1/chat/completions "HTTP/1.1 200 OK"
2025-09-01 16:23:32,594 - httpx - INFO - HTTP Request: POST https://albert.api.etalab.gouv.fr/v1/chat/completions "HTTP/1.1 429 Too Many Requests"
2025-09-01 16:23:33,198 - httpx - INFO - HTTP Request: POST https://api.olympia.bhub.cloud/v1/chat/completions "HTTP/1.1 200 OK"
2025-09-01 16:23:33,297 - httpx - INFO - HTTP Request: POST https://albert.api.etalab.gouv.fr/v1/chat/completions "HTTP/1.1 429 Too Many Requests"
2025-09-01 16:23:33,928 - httpx - INFO - HTTP Request: POST https://api.olympia.bhub.cloud/v1/chat/completions "HTTP/1.1 200 OK"
2025-09-01 16:23:34,046 - httpx - INFO - HTTP Request: POST https://albert.api.etalab.gouv.fr/v1/chat/completions "HTTP/1.1 429 Too Many Requests"
2025-09-01 16:23:33,869 - httpx - INFO - HTTP Request: POST https://api.olympia.bhub.cloud/v1/chat/completions "HTTP/1.1 200 OK"
2025-09-01 16:23:32,793 - httpx - INFO - HTTP Request: POST https://albert.api.etalab.gouv.fr/v1/chat/completions "HTTP/1.1 429 Too Many Requests"
2025-09-01 16:23:33,861 - httpx - INFO - HTTP Request: POST https://api.olympia.bhub.cloud/v1/chat/completions "HTTP/1.1 200 OK"
2025-09-01 16:23:33,949 - httpx - INFO - HTTP Request: POST https://albert.api.etalab.gouv.fr/v1/chat/completions "HTTP/1.1 429 Too Many Requests"
2025-09-01 16:23:34,828 - httpx - INFO - HTTP Request: POST https://api.olympia.bhub.cloud/v1/chat/completions "HTTP/1.1 200 OK"
2025-09-01 16:23:34,910 - httpx - INFO - HTTP Request: POST https://albert.api.etalab.gouv.fr/v1/chat/completions "HTTP/1.1 429 Too Many Requests"
2025-09-01 16:23:35,159 - httpx - INFO - HTTP Request: POST https://api.olympia.bhub.cloud/v1/chat/completions "HTTP/1.1 200 OK"
2025-09-01 16:23:35,297 - httpx - INFO - HTTP Request: POST https://albert.api.etalab.gouv.fr/v1/chat/completions "HTTP/1.1 429 Too Many Requests"
2025-09-01 16:23:35,863 - httpx - INFO - HTTP Request: POST https://api.olympia.bhub.cloud/v1/chat/completions "HTTP/1.1 200 OK"
2025-09-01 16:23:36,314 - root - INFO - Temps d'exécution : 8.152562141418457 secondes
2025-09-01 16:25:11,189 - root - INFO - Application FastAPI démarrée ✅
2025-09-01 16:25:11,220 - root - INFO - Application FastAPI démarrée ✅
2025-09-01 16:25:13,237 - root - INFO - Création de la filtration
2025-09-01 16:25:13,479 - root - INFO - Création de la clusterisation
2025-09-01 16:25:14,503 - httpx - INFO - HTTP Request: POST https://albert.api.etalab.gouv.fr/v1/chat/completions "HTTP/1.1 429 Too Many Requests"
2025-09-01 16:25:16,031 - httpx - INFO - HTTP Request: POST https://api.olympia.bhub.cloud/v1/chat/completions "HTTP/1.1 200 OK"
2025-09-01 16:25:16,118 - httpx - INFO - HTTP Request: POST https://albert.api.etalab.gouv.fr/v1/chat/completions "HTTP/1.1 429 Too Many Requests"
2025-09-01 16:25:16,463 - httpx - INFO - HTTP Request: POST https://api.olympia.bhub.cloud/v1/chat/completions "HTTP/1.1 200 OK"
2025-09-01 16:25:16,559 - httpx - INFO - HTTP Request: POST https://albert.api.etalab.gouv.fr/v1/chat/completions "HTTP/1.1 429 Too Many Requests"
2025-09-01 16:25:17,067 - httpx - INFO - HTTP Request: POST https://api.olympia.bhub.cloud/v1/chat/completions "HTTP/1.1 200 OK"
2025-09-01 16:25:17,160 - httpx - INFO - HTTP Request: POST https://albert.api.etalab.gouv.fr/v1/chat/completions "HTTP/1.1 429 Too Many Requests"
2025-09-01 16:25:17,794 - httpx - INFO - HTTP Request: POST https://api.olympia.bhub.cloud/v1/chat/completions "HTTP/1.1 200 OK"
2025-09-01 16:25:17,886 - httpx - INFO - HTTP Request: POST https://albert.api.etalab.gouv.fr/v1/chat/completions "HTTP/1.1 429 Too Many Requests"
2025-09-01 16:25:18,531 - httpx - INFO - HTTP Request: POST https://api.olympia.bhub.cloud/v1/chat/completions "HTTP/1.1 200 OK"
2025-09-01 16:25:18,650 - httpx - INFO - HTTP Request: POST https://albert.api.etalab.gouv.fr/v1/chat/completions "HTTP/1.1 429 Too Many Requests"
2025-09-01 16:25:19,371 - httpx - INFO - HTTP Request: POST https://api.olympia.bhub.cloud/v1/chat/completions "HTTP/1.1 200 OK"
2025-09-01 16:25:19,499 - httpx - INFO - HTTP Request: POST https://albert.api.etalab.gouv.fr/v1/chat/completions "HTTP/1.1 429 Too Many Requests"
2025-09-01 16:25:20,588 - httpx - INFO - HTTP Request: POST https://api.olympia.bhub.cloud/v1/chat/completions "HTTP/1.1 200 OK"
2025-09-01 16:25:20,871 - httpx - INFO - HTTP Request: POST https://albert.api.etalab.gouv.fr/v1/chat/completions "HTTP/1.1 429 Too Many Requests"
2025-09-01 16:25:21,640 - httpx - INFO - HTTP Request: POST https://api.olympia.bhub.cloud/v1/chat/completions "HTTP/1.1 200 OK"
2025-09-01 16:25:21,724 - httpx - INFO - HTTP Request: POST https://albert.api.etalab.gouv.fr/v1/chat/completions "HTTP/1.1 429 Too Many Requests"
2025-09-01 16:25:21,957 - httpx - INFO - HTTP Request: POST https://api.olympia.bhub.cloud/v1/chat/completions "HTTP/1.1 200 OK"
2025-09-01 16:25:22,057 - httpx - INFO - HTTP Request: POST https://albert.api.etalab.gouv.fr/v1/chat/completions "HTTP/1.1 429 Too Many Requests"
2025-09-01 16:25:22,640 - httpx - INFO - HTTP Request: POST https://api.olympia.bhub.cloud/v1/chat/completions "HTTP/1.1 200 OK"
2025-09-01 16:26:33,197 - root - INFO - Application FastAPI démarrée ✅
2025-09-01 16:26:33,232 - root - INFO - Application FastAPI démarrée ✅
2025-09-01 16:26:49,175 - root - INFO - Création de la filtration
2025-09-01 16:26:49,292 - root - INFO - Création de la clusterisation
2025-09-01 16:26:50,108 - httpx - INFO - HTTP Request: POST https://albert.api.etalab.gouv.fr/v1/chat/completions "HTTP/1.1 429 Too Many Requests"
2025-09-01 16:26:49,696 - httpx - INFO - HTTP Request: POST https://api.olympia.bhub.cloud/v1/chat/completions "HTTP/1.1 200 OK"
2025-09-01 16:26:49,779 - httpx - INFO - HTTP Request: POST https://albert.api.etalab.gouv.fr/v1/chat/completions "HTTP/1.1 429 Too Many Requests"
2025-09-01 16:26:50,079 - httpx - INFO - HTTP Request: POST https://api.olympia.bhub.cloud/v1/chat/completions "HTTP/1.1 200 OK"
2025-09-01 16:26:50,204 - httpx - INFO - HTTP Request: POST https://albert.api.etalab.gouv.fr/v1/chat/completions "HTTP/1.1 429 Too Many Requests"
2025-09-01 16:26:50,753 - httpx - INFO - HTTP Request: POST https://api.olympia.bhub.cloud/v1/chat/completions "HTTP/1.1 200 OK"
2025-09-01 16:26:50,852 - httpx - INFO - HTTP Request: POST https://albert.api.etalab.gouv.fr/v1/chat/completions "HTTP/1.1 429 Too Many Requests"
2025-09-01 16:26:51,460 - httpx - INFO - HTTP Request: POST https://api.olympia.bhub.cloud/v1/chat/completions "HTTP/1.1 200 OK"
2025-09-01 16:26:51,724 - httpx - INFO - HTTP Request: POST https://albert.api.etalab.gouv.fr/v1/chat/completions "HTTP/1.1 429 Too Many Requests"
2025-09-01 16:26:52,418 - httpx - INFO - HTTP Request: POST https://api.olympia.bhub.cloud/v1/chat/completions "HTTP/1.1 200 OK"
2025-09-01 16:26:52,501 - httpx - INFO - HTTP Request: POST https://albert.api.etalab.gouv.fr/v1/chat/completions "HTTP/1.1 429 Too Many Requests"
2025-09-01 16:26:53,123 - httpx - INFO - HTTP Request: POST https://api.olympia.bhub.cloud/v1/chat/completions "HTTP/1.1 200 OK"
2025-09-01 16:26:53,299 - httpx - INFO - HTTP Request: POST https://albert.api.etalab.gouv.fr/v1/chat/completions "HTTP/1.1 429 Too Many Requests"
2025-09-01 16:26:54,379 - httpx - INFO - HTTP Request: POST https://api.olympia.bhub.cloud/v1/chat/completions "HTTP/1.1 200 OK"
2025-09-01 16:26:54,529 - httpx - INFO - HTTP Request: POST https://albert.api.etalab.gouv.fr/v1/chat/completions "HTTP/1.1 429 Too Many Requests"
2025-09-01 16:26:55,353 - httpx - INFO - HTTP Request: POST https://api.olympia.bhub.cloud/v1/chat/completions "HTTP/1.1 200 OK"
2025-09-01 16:26:55,455 - httpx - INFO - HTTP Request: POST https://albert.api.etalab.gouv.fr/v1/chat/completions "HTTP/1.1 429 Too Many Requests"
2025-09-01 16:26:55,665 - httpx - INFO - HTTP Request: POST https://api.olympia.bhub.cloud/v1/chat/completions "HTTP/1.1 200 OK"
2025-09-01 16:26:55,817 - httpx - INFO - HTTP Request: POST https://albert.api.etalab.gouv.fr/v1/chat/completions "HTTP/1.1 429 Too Many Requests"
2025-09-01 16:26:56,376 - httpx - INFO - HTTP Request: POST https://api.olympia.bhub.cloud/v1/chat/completions "HTTP/1.1 200 OK"
2025-09-01 16:26:56,801 - root - INFO - Temps d'exécution : 7.6298816204071045 secondes
2025-09-01 16:27:47,444 - root - INFO - Temps d'exécution : 0.49842143058776855 secondes
2025-09-01 16:33:32,593 - root - INFO - Application FastAPI démarrée ✅
2025-09-01 16:33:32,615 - root - INFO - Application FastAPI démarrée ✅
2025-09-01 16:33:36,624 - root - INFO - Temps d'exécution : 0.262753963470459 secondes
2025-09-01 16:35:48,249 - root - INFO - Création de la filtration
2025-09-01 16:35:48,365 - root - INFO - Création de la clusterisation
2025-09-01 16:35:49,312 - httpx - INFO - HTTP Request: POST https://albert.api.etalab.gouv.fr/v1/chat/completions "HTTP/1.1 429 Too Many Requests"
2025-09-01 16:35:50,936 - httpx - INFO - HTTP Request: POST https://api.olympia.bhub.cloud/v1/chat/completions "HTTP/1.1 200 OK"
2025-09-01 16:35:51,235 - httpx - INFO - HTTP Request: POST https://albert.api.etalab.gouv.fr/v1/chat/completions "HTTP/1.1 429 Too Many Requests"
2025-09-01 16:35:51,575 - httpx - INFO - HTTP Request: POST https://api.olympia.bhub.cloud/v1/chat/completions "HTTP/1.1 200 OK"
2025-09-01 16:35:51,694 - httpx - INFO - HTTP Request: POST https://albert.api.etalab.gouv.fr/v1/chat/completions "HTTP/1.1 429 Too Many Requests"
2025-09-01 16:35:52,208 - httpx - INFO - HTTP Request: POST https://api.olympia.bhub.cloud/v1/chat/completions "HTTP/1.1 200 OK"
2025-09-01 16:35:52,288 - httpx - INFO - HTTP Request: POST https://albert.api.etalab.gouv.fr/v1/chat/completions "HTTP/1.1 429 Too Many Requests"
2025-09-01 16:35:52,899 - httpx - INFO - HTTP Request: POST https://api.olympia.bhub.cloud/v1/chat/completions "HTTP/1.1 200 OK"
2025-09-01 16:35:52,994 - httpx - INFO - HTTP Request: POST https://albert.api.etalab.gouv.fr/v1/chat/completions "HTTP/1.1 429 Too Many Requests"
2025-09-01 16:35:53,693 - httpx - INFO - HTTP Request: POST https://api.olympia.bhub.cloud/v1/chat/completions "HTTP/1.1 200 OK"
2025-09-01 16:35:53,777 - httpx - INFO - HTTP Request: POST https://albert.api.etalab.gouv.fr/v1/chat/completions "HTTP/1.1 429 Too Many Requests"
2025-09-01 16:35:54,542 - httpx - INFO - HTTP Request: POST https://api.olympia.bhub.cloud/v1/chat/completions "HTTP/1.1 200 OK"
2025-09-01 16:35:54,660 - httpx - INFO - HTTP Request: POST https://albert.api.etalab.gouv.fr/v1/chat/completions "HTTP/1.1 429 Too Many Requests"
2025-09-01 16:35:55,743 - httpx - INFO - HTTP Request: POST https://api.olympia.bhub.cloud/v1/chat/completions "HTTP/1.1 200 OK"
2025-09-01 16:35:55,830 - httpx - INFO - HTTP Request: POST https://albert.api.etalab.gouv.fr/v1/chat/completions "HTTP/1.1 429 Too Many Requests"
2025-09-01 16:35:56,733 - httpx - INFO - HTTP Request: POST https://api.olympia.bhub.cloud/v1/chat/completions "HTTP/1.1 200 OK"
2025-09-01 16:35:56,819 - httpx - INFO - HTTP Request: POST https://albert.api.etalab.gouv.fr/v1/chat/completions "HTTP/1.1 429 Too Many Requests"
2025-09-01 16:35:57,078 - httpx - INFO - HTTP Request: POST https://api.olympia.bhub.cloud/v1/chat/completions "HTTP/1.1 200 OK"
2025-09-01 16:35:57,165 - httpx - INFO - HTTP Request: POST https://albert.api.etalab.gouv.fr/v1/chat/completions "HTTP/1.1 429 Too Many Requests"
2025-09-01 16:35:57,717 - httpx - INFO - HTTP Request: POST https://api.olympia.bhub.cloud/v1/chat/completions "HTTP/1.1 200 OK"
2025-09-01 16:35:58,014 - root - INFO - Temps d'exécution : 9.76880145072937 secondes
2025-09-01 16:36:59,387 - root - INFO - Application FastAPI démarrée ✅
2025-09-01 16:36:59,414 - root - INFO - Application FastAPI démarrée ✅
2025-09-01 16:37:13,160 - root - INFO - Création de la filtration
2025-09-01 16:37:13,296 - root - INFO - Création de la clusterisation
2025-09-01 16:37:14,227 - httpx - INFO - HTTP Request: POST https://albert.api.etalab.gouv.fr/v1/chat/completions "HTTP/1.1 429 Too Many Requests"
2025-09-01 16:37:15,906 - httpx - INFO - HTTP Request: POST https://api.olympia.bhub.cloud/v1/chat/completions "HTTP/1.1 200 OK"
2025-09-01 16:37:16,001 - httpx - INFO - HTTP Request: POST https://albert.api.etalab.gouv.fr/v1/chat/completions "HTTP/1.1 429 Too Many Requests"
2025-09-01 16:37:16,335 - httpx - INFO - HTTP Request: POST https://api.olympia.bhub.cloud/v1/chat/completions "HTTP/1.1 200 OK"
2025-09-01 16:37:16,415 - httpx - INFO - HTTP Request: POST https://albert.api.etalab.gouv.fr/v1/chat/completions "HTTP/1.1 429 Too Many Requests"
2025-09-01 16:37:16,894 - httpx - INFO - HTTP Request: POST https://api.olympia.bhub.cloud/v1/chat/completions "HTTP/1.1 200 OK"
2025-09-01 16:37:16,981 - httpx - INFO - HTTP Request: POST https://albert.api.etalab.gouv.fr/v1/chat/completions "HTTP/1.1 429 Too Many Requests"
2025-09-01 16:37:17,581 - httpx - INFO - HTTP Request: POST https://api.olympia.bhub.cloud/v1/chat/completions "HTTP/1.1 200 OK"
2025-09-01 16:37:17,670 - httpx - INFO - HTTP Request: POST https://albert.api.etalab.gouv.fr/v1/chat/completions "HTTP/1.1 429 Too Many Requests"
2025-09-01 16:37:18,354 - httpx - INFO - HTTP Request: POST https://api.olympia.bhub.cloud/v1/chat/completions "HTTP/1.1 200 OK"
2025-09-01 16:37:18,441 - httpx - INFO - HTTP Request: POST https://albert.api.etalab.gouv.fr/v1/chat/completions "HTTP/1.1 429 Too Many Requests"
2025-09-01 16:37:19,041 - httpx - INFO - HTTP Request: POST https://api.olympia.bhub.cloud/v1/chat/completions "HTTP/1.1 200 OK"
2025-09-01 16:37:19,280 - httpx - INFO - HTTP Request: POST https://albert.api.etalab.gouv.fr/v1/chat/completions "HTTP/1.1 429 Too Many Requests"
2025-09-01 16:37:20,330 - httpx - INFO - HTTP Request: POST https://api.olympia.bhub.cloud/v1/chat/completions "HTTP/1.1 200 OK"
2025-09-01 16:37:20,422 - httpx - INFO - HTTP Request: POST https://albert.api.etalab.gouv.fr/v1/chat/completions "HTTP/1.1 429 Too Many Requests"
2025-09-01 16:37:21,195 - httpx - INFO - HTTP Request: POST https://api.olympia.bhub.cloud/v1/chat/completions "HTTP/1.1 200 OK"
2025-09-01 16:37:21,272 - httpx - INFO - HTTP Request: POST https://albert.api.etalab.gouv.fr/v1/chat/completions "HTTP/1.1 429 Too Many Requests"
2025-09-01 16:37:21,488 - httpx - INFO - HTTP Request: POST https://api.olympia.bhub.cloud/v1/chat/completions "HTTP/1.1 200 OK"
2025-09-01 16:37:21,572 - httpx - INFO - HTTP Request: POST https://albert.api.etalab.gouv.fr/v1/chat/completions "HTTP/1.1 429 Too Many Requests"
2025-09-01 16:37:22,175 - httpx - INFO - HTTP Request: POST https://api.olympia.bhub.cloud/v1/chat/completions "HTTP/1.1 200 OK"
2025-09-01 16:37:22,616 - root - INFO - Temps d'exécution : 9.466684341430664 secondes
2025-09-01 16:42:11,587 - root - INFO - Création de la filtration
2025-09-01 16:42:11,704 - root - INFO - Création de la clusterisation
2025-09-01 16:42:14,520 - httpx - INFO - HTTP Request: POST https://albert.api.etalab.gouv.fr/v1/chat/completions "HTTP/1.1 429 Too Many Requests"
2025-09-01 16:42:14,783 - httpx - INFO - HTTP Request: POST https://api.olympia.bhub.cloud/v1/chat/completions "HTTP/1.1 200 OK"
2025-09-01 16:42:14,965 - httpx - INFO - HTTP Request: POST https://albert.api.etalab.gouv.fr/v1/chat/completions "HTTP/1.1 429 Too Many Requests"
2025-09-01 16:42:17,713 - httpx - INFO - HTTP Request: POST https://api.olympia.bhub.cloud/v1/chat/completions "HTTP/1.1 200 OK"
2025-09-01 16:42:17,825 - httpx - INFO - HTTP Request: POST https://albert.api.etalab.gouv.fr/v1/chat/completions "HTTP/1.1 429 Too Many Requests"
2025-09-01 16:42:19,047 - httpx - INFO - HTTP Request: POST https://api.olympia.bhub.cloud/v1/chat/completions "HTTP/1.1 200 OK"
2025-09-01 16:42:19,149 - httpx - INFO - HTTP Request: POST https://albert.api.etalab.gouv.fr/v1/chat/completions "HTTP/1.1 429 Too Many Requests"
2025-09-01 16:42:19,499 - httpx - INFO - HTTP Request: POST https://api.olympia.bhub.cloud/v1/chat/completions "HTTP/1.1 200 OK"
2025-09-01 16:42:19,882 - httpx - INFO - HTTP Request: POST https://albert.api.etalab.gouv.fr/v1/chat/completions "HTTP/1.1 429 Too Many Requests"
2025-09-01 16:42:21,675 - httpx - INFO - HTTP Request: POST https://api.olympia.bhub.cloud/v1/chat/completions "HTTP/1.1 200 OK"
2025-09-01 16:42:21,776 - httpx - INFO - HTTP Request: POST https://albert.api.etalab.gouv.fr/v1/chat/completions "HTTP/1.1 429 Too Many Requests"
2025-09-01 16:42:23,168 - httpx - INFO - HTTP Request: POST https://api.olympia.bhub.cloud/v1/chat/completions "HTTP/1.1 200 OK"
2025-09-01 16:42:23,253 - httpx - INFO - HTTP Request: POST https://albert.api.etalab.gouv.fr/v1/chat/completions "HTTP/1.1 429 Too Many Requests"
2025-09-01 16:42:23,510 - httpx - INFO - HTTP Request: POST https://api.olympia.bhub.cloud/v1/chat/completions "HTTP/1.1 200 OK"
2025-09-01 16:42:23,639 - httpx - INFO - HTTP Request: POST https://albert.api.etalab.gouv.fr/v1/chat/completions "HTTP/1.1 429 Too Many Requests"
2025-09-01 16:42:25,488 - httpx - INFO - HTTP Request: POST https://api.olympia.bhub.cloud/v1/chat/completions "HTTP/1.1 200 OK"
2025-09-01 16:42:25,649 - httpx - INFO - HTTP Request: POST https://albert.api.etalab.gouv.fr/v1/chat/completions "HTTP/1.1 429 Too Many Requests"
2025-09-01 16:42:28,097 - httpx - INFO - HTTP Request: POST https://api.olympia.bhub.cloud/v1/chat/completions "HTTP/1.1 200 OK"
2025-09-01 16:42:28,263 - httpx - INFO - HTTP Request: POST https://albert.api.etalab.gouv.fr/v1/chat/completions "HTTP/1.1 429 Too Many Requests"
2025-09-01 16:42:32,470 - httpx - INFO - HTTP Request: POST https://api.olympia.bhub.cloud/v1/chat/completions "HTTP/1.1 200 OK"
2025-09-01 16:42:34,393 - root - INFO - Temps d'exécution : 22.811628103256226 secondes
2025-09-01 16:44:47,118 - root - INFO - Création de la clusterisation
2025-09-01 16:44:53,022 - httpx - INFO - HTTP Request: POST https://albert.api.etalab.gouv.fr/v1/chat/completions "HTTP/1.1 429 Too Many Requests"
2025-09-01 16:44:53,445 - httpx - INFO - HTTP Request: POST https://api.olympia.bhub.cloud/v1/chat/completions "HTTP/1.1 400 Bad Request"
2025-09-01 16:48:04,241 - root - INFO - Application FastAPI démarrée ✅
2025-09-01 16:48:04,261 - root - INFO - Application FastAPI démarrée ✅
2025-09-01 16:48:13,266 - root - INFO - Temps d'exécution : 1.5951886177062988 secondes
2025-09-01 16:50:01,075 - root - INFO - Application FastAPI démarrée ✅
2025-09-01 16:50:01,098 - root - INFO - Application FastAPI démarrée ✅
2025-09-01 16:50:09,778 - root - INFO - Création de la clusterisation
2025-09-01 16:50:10,672 - httpx - INFO - HTTP Request: POST https://albert.api.etalab.gouv.fr/v1/chat/completions "HTTP/1.1 429 Too Many Requests"
2025-09-01 16:50:10,242 - httpx - INFO - HTTP Request: POST https://api.olympia.bhub.cloud/v1/chat/completions "HTTP/1.1 200 OK"
2025-09-01 16:50:10,339 - httpx - INFO - HTTP Request: POST https://albert.api.etalab.gouv.fr/v1/chat/completions "HTTP/1.1 429 Too Many Requests"
2025-09-01 16:50:10,639 - httpx - INFO - HTTP Request: POST https://api.olympia.bhub.cloud/v1/chat/completions "HTTP/1.1 200 OK"
2025-09-01 16:50:10,756 - httpx - INFO - HTTP Request: POST https://albert.api.etalab.gouv.fr/v1/chat/completions "HTTP/1.1 429 Too Many Requests"
2025-09-01 16:50:11,395 - httpx - INFO - HTTP Request: POST https://api.olympia.bhub.cloud/v1/chat/completions "HTTP/1.1 200 OK"
2025-09-01 16:50:11,478 - httpx - INFO - HTTP Request: POST https://albert.api.etalab.gouv.fr/v1/chat/completions "HTTP/1.1 429 Too Many Requests"
2025-09-01 16:50:12,083 - httpx - INFO - HTTP Request: POST https://api.olympia.bhub.cloud/v1/chat/completions "HTTP/1.1 200 OK"
2025-09-01 16:50:12,205 - httpx - INFO - HTTP Request: POST https://albert.api.etalab.gouv.fr/v1/chat/completions "HTTP/1.1 429 Too Many Requests"
2025-09-01 16:50:12,897 - httpx - INFO - HTTP Request: POST https://api.olympia.bhub.cloud/v1/chat/completions "HTTP/1.1 200 OK"
2025-09-01 16:50:12,980 - httpx - INFO - HTTP Request: POST https://albert.api.etalab.gouv.fr/v1/chat/completions "HTTP/1.1 429 Too Many Requests"
2025-09-01 16:50:13,721 - httpx - INFO - HTTP Request: POST https://api.olympia.bhub.cloud/v1/chat/completions "HTTP/1.1 200 OK"
2025-09-01 16:50:13,816 - httpx - INFO - HTTP Request: POST https://albert.api.etalab.gouv.fr/v1/chat/completions "HTTP/1.1 429 Too Many Requests"
2025-09-01 16:50:14,848 - httpx - INFO - HTTP Request: POST https://api.olympia.bhub.cloud/v1/chat/completions "HTTP/1.1 200 OK"
2025-09-01 16:50:14,941 - httpx - INFO - HTTP Request: POST https://albert.api.etalab.gouv.fr/v1/chat/completions "HTTP/1.1 429 Too Many Requests"
2025-09-01 16:50:15,758 - httpx - INFO - HTTP Request: POST https://api.olympia.bhub.cloud/v1/chat/completions "HTTP/1.1 200 OK"
2025-09-01 16:50:15,842 - httpx - INFO - HTTP Request: POST https://albert.api.etalab.gouv.fr/v1/chat/completions "HTTP/1.1 429 Too Many Requests"
2025-09-01 16:50:16,048 - httpx - INFO - HTTP Request: POST https://api.olympia.bhub.cloud/v1/chat/completions "HTTP/1.1 200 OK"
2025-09-01 16:50:16,174 - httpx - INFO - HTTP Request: POST https://albert.api.etalab.gouv.fr/v1/chat/completions "HTTP/1.1 429 Too Many Requests"
2025-09-01 16:50:16,717 - httpx - INFO - HTTP Request: POST https://api.olympia.bhub.cloud/v1/chat/completions "HTTP/1.1 200 OK"
2025-09-01 16:50:16,967 - root - INFO - Temps d'exécution : 7.195794582366943 secondes
2025-09-01 16:52:58,521 - root - INFO - Création de la filtration
2025-09-01 16:52:58,843 - root - INFO - Création de la clusterisation
2025-09-01 16:53:01,046 - httpx - INFO - HTTP Request: POST https://albert.api.etalab.gouv.fr/v1/chat/completions "HTTP/1.1 429 Too Many Requests"
2025-09-01 16:53:02,469 - httpx - INFO - HTTP Request: POST https://api.olympia.bhub.cloud/v1/chat/completions "HTTP/1.1 200 OK"
2025-09-01 16:53:02,687 - httpx - INFO - HTTP Request: POST https://albert.api.etalab.gouv.fr/v1/chat/completions "HTTP/1.1 429 Too Many Requests"
2025-09-01 16:53:04,484 - httpx - INFO - HTTP Request: POST https://api.olympia.bhub.cloud/v1/chat/completions "HTTP/1.1 200 OK"
2025-09-01 16:53:04,607 - httpx - INFO - HTTP Request: POST https://albert.api.etalab.gouv.fr/v1/chat/completions "HTTP/1.1 429 Too Many Requests"
2025-09-01 16:53:05,791 - httpx - INFO - HTTP Request: POST https://api.olympia.bhub.cloud/v1/chat/completions "HTTP/1.1 200 OK"
2025-09-01 16:53:05,882 - httpx - INFO - HTTP Request: POST https://albert.api.etalab.gouv.fr/v1/chat/completions "HTTP/1.1 429 Too Many Requests"
2025-09-01 16:53:06,277 - httpx - INFO - HTTP Request: POST https://api.olympia.bhub.cloud/v1/chat/completions "HTTP/1.1 200 OK"
2025-09-01 16:53:06,420 - httpx - INFO - HTTP Request: POST https://albert.api.etalab.gouv.fr/v1/chat/completions "HTTP/1.1 429 Too Many Requests"
2025-09-01 16:53:08,185 - httpx - INFO - HTTP Request: POST https://api.olympia.bhub.cloud/v1/chat/completions "HTTP/1.1 200 OK"
2025-09-01 16:53:08,375 - httpx - INFO - HTTP Request: POST https://albert.api.etalab.gouv.fr/v1/chat/completions "HTTP/1.1 429 Too Many Requests"
2025-09-01 16:53:09,805 - httpx - INFO - HTTP Request: POST https://api.olympia.bhub.cloud/v1/chat/completions "HTTP/1.1 200 OK"
2025-09-01 16:53:09,900 - httpx - INFO - HTTP Request: POST https://albert.api.etalab.gouv.fr/v1/chat/completions "HTTP/1.1 429 Too Many Requests"
2025-09-01 16:53:10,239 - httpx - INFO - HTTP Request: POST https://api.olympia.bhub.cloud/v1/chat/completions "HTTP/1.1 200 OK"
2025-09-01 16:53:10,414 - httpx - INFO - HTTP Request: POST https://albert.api.etalab.gouv.fr/v1/chat/completions "HTTP/1.1 429 Too Many Requests"
2025-09-01 16:53:12,303 - httpx - INFO - HTTP Request: POST https://api.olympia.bhub.cloud/v1/chat/completions "HTTP/1.1 200 OK"
2025-09-01 16:53:12,474 - httpx - INFO - HTTP Request: POST https://albert.api.etalab.gouv.fr/v1/chat/completions "HTTP/1.1 429 Too Many Requests"
2025-09-01 16:53:14,483 - httpx - INFO - HTTP Request: POST https://api.olympia.bhub.cloud/v1/chat/completions "HTTP/1.1 200 OK"
2025-09-01 16:53:14,749 - httpx - INFO - HTTP Request: POST https://albert.api.etalab.gouv.fr/v1/chat/completions "HTTP/1.1 429 Too Many Requests"
2025-09-01 16:53:16,914 - httpx - INFO - HTTP Request: POST https://api.olympia.bhub.cloud/v1/chat/completions "HTTP/1.1 200 OK"
2025-09-01 16:53:18,580 - root - INFO - Temps d'exécution : 20.065374612808228 secondes
2025-09-01 17:13:12,726 - root - INFO - Temps d'exécution : 1.7709136009216309 secondes
2025-09-01 17:15:46,607 - root - INFO - Temps d'exécution : 1.4429595470428467 secondes
2025-09-01 17:41:21,006 - root - INFO - Temps d'exécution : 1.9371705055236816 secondes
2025-09-01 18:11:40,889 - root - INFO - Création de la clusterisation
2025-09-01 18:11:42,121 - httpx - INFO - HTTP Request: POST https://albert.api.etalab.gouv.fr/v1/chat/completions "HTTP/1.1 429 Too Many Requests"
2025-09-01 18:11:43,703 - httpx - INFO - HTTP Request: POST https://api.olympia.bhub.cloud/v1/chat/completions "HTTP/1.1 200 OK"
2025-09-01 18:11:43,798 - httpx - INFO - HTTP Request: POST https://albert.api.etalab.gouv.fr/v1/chat/completions "HTTP/1.1 429 Too Many Requests"
2025-09-01 18:11:44,128 - httpx - INFO - HTTP Request: POST https://api.olympia.bhub.cloud/v1/chat/completions "HTTP/1.1 200 OK"
2025-09-01 18:11:44,222 - httpx - INFO - HTTP Request: POST https://albert.api.etalab.gouv.fr/v1/chat/completions "HTTP/1.1 429 Too Many Requests"
2025-09-01 18:11:44,647 - httpx - INFO - HTTP Request: POST https://api.olympia.bhub.cloud/v1/chat/completions "HTTP/1.1 200 OK"
2025-09-01 18:11:44,750 - httpx - INFO - HTTP Request: POST https://albert.api.etalab.gouv.fr/v1/chat/completions "HTTP/1.1 429 Too Many Requests"
2025-09-01 18:11:45,426 - httpx - INFO - HTTP Request: POST https://api.olympia.bhub.cloud/v1/chat/completions "HTTP/1.1 200 OK"
2025-09-01 18:11:45,598 - httpx - INFO - HTTP Request: POST https://albert.api.etalab.gouv.fr/v1/chat/completions "HTTP/1.1 429 Too Many Requests"
2025-09-01 18:11:46,290 - httpx - INFO - HTTP Request: POST https://api.olympia.bhub.cloud/v1/chat/completions "HTTP/1.1 200 OK"
2025-09-01 18:11:46,393 - httpx - INFO - HTTP Request: POST https://albert.api.etalab.gouv.fr/v1/chat/completions "HTTP/1.1 429 Too Many Requests"
2025-09-01 18:11:46,978 - httpx - INFO - HTTP Request: POST https://api.olympia.bhub.cloud/v1/chat/completions "HTTP/1.1 200 OK"
2025-09-01 18:11:47,106 - httpx - INFO - HTTP Request: POST https://albert.api.etalab.gouv.fr/v1/chat/completions "HTTP/1.1 429 Too Many Requests"
2025-09-01 18:11:48,215 - httpx - INFO - HTTP Request: POST https://api.olympia.bhub.cloud/v1/chat/completions "HTTP/1.1 200 OK"
2025-09-01 18:11:48,385 - httpx - INFO - HTTP Request: POST https://albert.api.etalab.gouv.fr/v1/chat/completions "HTTP/1.1 429 Too Many Requests"
2025-09-01 18:11:49,197 - httpx - INFO - HTTP Request: POST https://api.olympia.bhub.cloud/v1/chat/completions "HTTP/1.1 200 OK"
2025-09-01 18:11:49,282 - httpx - INFO - HTTP Request: POST https://albert.api.etalab.gouv.fr/v1/chat/completions "HTTP/1.1 429 Too Many Requests"
2025-09-01 18:11:49,499 - httpx - INFO - HTTP Request: POST https://api.olympia.bhub.cloud/v1/chat/completions "HTTP/1.1 200 OK"
2025-09-01 18:11:49,586 - httpx - INFO - HTTP Request: POST https://albert.api.etalab.gouv.fr/v1/chat/completions "HTTP/1.1 429 Too Many Requests"
2025-09-01 18:11:50,136 - httpx - INFO - HTTP Request: POST https://api.olympia.bhub.cloud/v1/chat/completions "HTTP/1.1 200 OK"
2025-09-01 18:11:50,418 - root - INFO - Temps d'exécution : 9.564114093780518 secondes
2025-09-01 18:11:54,455 - root - INFO - Temps d'exécution : 0.23476481437683105 secondes
2025-09-01 18:11:56,192 - root - INFO - Temps d'exécution : 0.23764753341674805 secondes
2025-09-01 18:14:09,448 - root - INFO - Création de la clusterisation
2025-09-01 18:14:15,318 - httpx - INFO - HTTP Request: POST https://albert.api.etalab.gouv.fr/v1/chat/completions "HTTP/1.1 429 Too Many Requests"
2025-09-01 18:14:17,229 - httpx - INFO - HTTP Request: POST https://api.olympia.bhub.cloud/v1/chat/completions "HTTP/1.1 200 OK"
2025-09-01 18:14:17,362 - httpx - INFO - HTTP Request: POST https://albert.api.etalab.gouv.fr/v1/chat/completions "HTTP/1.1 429 Too Many Requests"
2025-09-01 18:14:18,168 - httpx - INFO - HTTP Request: POST https://api.olympia.bhub.cloud/v1/chat/completions "HTTP/1.1 200 OK"
2025-09-01 18:14:18,296 - httpx - INFO - HTTP Request: POST https://albert.api.etalab.gouv.fr/v1/chat/completions "HTTP/1.1 429 Too Many Requests"
2025-09-01 18:14:20,184 - httpx - INFO - HTTP Request: POST https://api.olympia.bhub.cloud/v1/chat/completions "HTTP/1.1 200 OK"
2025-09-01 18:14:20,285 - httpx - INFO - HTTP Request: POST https://albert.api.etalab.gouv.fr/v1/chat/completions "HTTP/1.1 429 Too Many Requests"
2025-09-01 18:14:20,797 - httpx - INFO - HTTP Request: POST https://api.olympia.bhub.cloud/v1/chat/completions "HTTP/1.1 200 OK"
2025-09-01 18:14:20,910 - httpx - INFO - HTTP Request: POST https://albert.api.etalab.gouv.fr/v1/chat/completions "HTTP/1.1 429 Too Many Requests"
2025-09-01 18:14:21,670 - httpx - INFO - HTTP Request: POST https://api.olympia.bhub.cloud/v1/chat/completions "HTTP/1.1 200 OK"
2025-09-01 18:14:21,812 - httpx - INFO - HTTP Request: POST https://albert.api.etalab.gouv.fr/v1/chat/completions "HTTP/1.1 429 Too Many Requests"
2025-09-01 18:14:23,639 - httpx - INFO - HTTP Request: POST https://api.olympia.bhub.cloud/v1/chat/completions "HTTP/1.1 200 OK"
2025-09-01 18:14:23,732 - httpx - INFO - HTTP Request: POST https://albert.api.etalab.gouv.fr/v1/chat/completions "HTTP/1.1 429 Too Many Requests"
2025-09-01 18:14:24,692 - httpx - INFO - HTTP Request: POST https://api.olympia.bhub.cloud/v1/chat/completions "HTTP/1.1 200 OK"
2025-09-01 18:14:24,801 - httpx - INFO - HTTP Request: POST https://albert.api.etalab.gouv.fr/v1/chat/completions "HTTP/1.1 429 Too Many Requests"
2025-09-01 18:14:26,093 - httpx - INFO - HTTP Request: POST https://api.olympia.bhub.cloud/v1/chat/completions "HTTP/1.1 200 OK"
2025-09-01 18:14:26,181 - httpx - INFO - HTTP Request: POST https://albert.api.etalab.gouv.fr/v1/chat/completions "HTTP/1.1 429 Too Many Requests"
2025-09-01 18:14:26,828 - httpx - INFO - HTTP Request: POST https://api.olympia.bhub.cloud/v1/chat/completions "HTTP/1.1 200 OK"
2025-09-01 18:14:27,020 - httpx - INFO - HTTP Request: POST https://albert.api.etalab.gouv.fr/v1/chat/completions "HTTP/1.1 429 Too Many Requests"
2025-09-01 18:14:28,714 - httpx - INFO - HTTP Request: POST https://api.olympia.bhub.cloud/v1/chat/completions "HTTP/1.1 200 OK"
2025-09-01 18:14:32,851 - root - INFO - Temps d'exécution : 23.411506414413452 secondes
2025-09-01 18:15:43,946 - root - INFO - Temps d'exécution : 4.0238518714904785 secondes
2025-09-01 18:15:49,258 - root - INFO - Temps d'exécution : 1.5478897094726562 secondes
2025-09-01 18:16:36,055 - root - INFO - Temps d'exécution : 1.6991496086120605 secondes
2025-09-01 18:16:45,398 - root - INFO - Temps d'exécution : 1.6022922992706299 secondes
2025-09-01 18:17:23,543 - root - INFO - Temps d'exécution : 1.4649627208709717 secondes
2025-09-01 18:17:25,595 - root - INFO - Temps d'exécution : 0.6525194644927979 secondes
2025-09-01 18:18:55,028 - root - INFO - Temps d'exécution : 1.5701193809509277 secondes
2025-09-01 18:20:12,640 - root - INFO - Temps d'exécution : 1.119354486465454 secondes
2025-09-01 18:21:51,346 - root - INFO - Temps d'exécution : 1.4780757427215576 secondes
2025-09-01 18:22:03,476 - root - INFO - Temps d'exécution : 1.5495989322662354 secondes
2025-09-01 18:31:24,258 - root - INFO - Temps d'exécution : -0.47460198402404785 secondes
2025-09-01 18:37:47,620 - root - INFO - Temps d'exécution : 1.6494133472442627 secondes
2025-09-01 18:46:59,391 - root - INFO - Temps d'exécution : 1.58146071434021 secondes
2025-09-01 18:47:53,641 - root - INFO - Temps d'exécution : 4.59544563293457 secondes
2025-09-01 18:49:06,866 - root - INFO - Temps d'exécution : 0.24598360061645508 secondes
2025-09-01 18:50:16,011 - root - INFO - Temps d'exécution : 0.3731365203857422 secondes
2025-09-01 18:50:35,277 - root - INFO - Temps d'exécution : 0.23282861709594727 secondes
2025-09-01 18:50:46,496 - root - INFO - Temps d'exécution : 0.27867865562438965 secondes
2025-09-01 18:52:41,119 - root - INFO - Temps d'exécution : 1.4606175422668457 secondes
2025-09-01 18:57:08,097 - root - INFO - Temps d'exécution : 4.4797961711883545 secondes
2025-09-01 19:01:19,387 - root - INFO - Temps d'exécution : 4.376410722732544 secondes
2025-09-01 19:01:46,733 - root - INFO - Temps d'exécution : 1.4715297222137451 secondes
2025-09-01 19:05:34,529 - root - INFO - Temps d'exécution : 1.4616343975067139 secondes
2025-09-01 19:06:22,666 - root - INFO - Temps d'exécution : 1.5356357097625732 secondes
2025-09-01 19:09:08,082 - root - INFO - Création de la clusterisation
2025-09-01 19:09:07,602 - httpx - INFO - HTTP Request: POST https://albert.api.etalab.gouv.fr/v1/chat/completions "HTTP/1.1 429 Too Many Requests"
2025-09-01 19:09:08,739 - httpx - INFO - HTTP Request: POST https://api.olympia.bhub.cloud/v1/chat/completions "HTTP/1.1 200 OK"
2025-09-01 19:09:08,877 - httpx - INFO - HTTP Request: POST https://albert.api.etalab.gouv.fr/v1/chat/completions "HTTP/1.1 429 Too Many Requests"
2025-09-01 19:09:09,501 - httpx - INFO - HTTP Request: POST https://api.olympia.bhub.cloud/v1/chat/completions "HTTP/1.1 200 OK"
2025-09-01 19:09:09,588 - httpx - INFO - HTTP Request: POST https://albert.api.etalab.gouv.fr/v1/chat/completions "HTTP/1.1 429 Too Many Requests"
2025-09-01 19:09:10,153 - httpx - INFO - HTTP Request: POST https://api.olympia.bhub.cloud/v1/chat/completions "HTTP/1.1 200 OK"
2025-09-01 19:09:10,269 - httpx - INFO - HTTP Request: POST https://albert.api.etalab.gouv.fr/v1/chat/completions "HTTP/1.1 429 Too Many Requests"
2025-09-01 19:09:10,999 - httpx - INFO - HTTP Request: POST https://api.olympia.bhub.cloud/v1/chat/completions "HTTP/1.1 200 OK"
2025-09-01 19:09:11,124 - httpx - INFO - HTTP Request: POST https://albert.api.etalab.gouv.fr/v1/chat/completions "HTTP/1.1 429 Too Many Requests"
2025-09-01 19:09:11,878 - httpx - INFO - HTTP Request: POST https://api.olympia.bhub.cloud/v1/chat/completions "HTTP/1.1 200 OK"
2025-09-01 19:09:12,014 - httpx - INFO - HTTP Request: POST https://albert.api.etalab.gouv.fr/v1/chat/completions "HTTP/1.1 429 Too Many Requests"
2025-09-01 19:09:12,754 - httpx - INFO - HTTP Request: POST https://api.olympia.bhub.cloud/v1/chat/completions "HTTP/1.1 200 OK"
2025-09-01 19:09:12,848 - httpx - INFO - HTTP Request: POST https://albert.api.etalab.gouv.fr/v1/chat/completions "HTTP/1.1 429 Too Many Requests"
2025-09-01 19:09:13,612 - httpx - INFO - HTTP Request: POST https://api.olympia.bhub.cloud/v1/chat/completions "HTTP/1.1 200 OK"
2025-09-01 19:09:13,750 - httpx - INFO - HTTP Request: POST https://albert.api.etalab.gouv.fr/v1/chat/completions "HTTP/1.1 429 Too Many Requests"
2025-09-01 19:09:14,813 - httpx - INFO - HTTP Request: POST https://api.olympia.bhub.cloud/v1/chat/completions "HTTP/1.1 200 OK"
2025-09-01 19:09:14,934 - httpx - INFO - HTTP Request: POST https://albert.api.etalab.gouv.fr/v1/chat/completions "HTTP/1.1 429 Too Many Requests"
2025-09-01 19:09:15,765 - httpx - INFO - HTTP Request: POST https://api.olympia.bhub.cloud/v1/chat/completions "HTTP/1.1 200 OK"
2025-09-01 19:09:15,955 - httpx - INFO - HTTP Request: POST https://albert.api.etalab.gouv.fr/v1/chat/completions "HTTP/1.1 429 Too Many Requests"
2025-09-01 19:09:16,784 - httpx - INFO - HTTP Request: POST https://api.olympia.bhub.cloud/v1/chat/completions "HTTP/1.1 200 OK"
2025-09-01 19:09:17,533 - root - INFO - Temps d'exécution : 9.460850238800049 secondes
2025-09-01 19:12:55,907 - root - INFO - Application FastAPI démarrée ✅
2025-09-01 19:12:55,956 - root - INFO - Application FastAPI démarrée ✅
2025-09-01 19:13:12,871 - root - INFO - Création de la clusterisation
2025-09-01 19:13:15,934 - httpx - INFO - HTTP Request: POST https://albert.api.etalab.gouv.fr/v1/chat/completions "HTTP/1.1 429 Too Many Requests"
2025-09-01 19:13:17,367 - httpx - INFO - HTTP Request: POST https://api.olympia.bhub.cloud/v1/chat/completions "HTTP/1.1 200 OK"
2025-09-01 19:13:17,537 - httpx - INFO - HTTP Request: POST https://albert.api.etalab.gouv.fr/v1/chat/completions "HTTP/1.1 429 Too Many Requests"
2025-09-01 19:13:19,332 - httpx - INFO - HTTP Request: POST https://api.olympia.bhub.cloud/v1/chat/completions "HTTP/1.1 200 OK"
2025-09-01 19:13:19,432 - httpx - INFO - HTTP Request: POST https://albert.api.etalab.gouv.fr/v1/chat/completions "HTTP/1.1 429 Too Many Requests"
2025-09-01 19:13:18,378 - httpx - INFO - HTTP Request: POST https://api.olympia.bhub.cloud/v1/chat/completions "HTTP/1.1 200 OK"
2025-09-01 19:13:18,454 - httpx - INFO - HTTP Request: POST https://albert.api.etalab.gouv.fr/v1/chat/completions "HTTP/1.1 429 Too Many Requests"
2025-09-01 19:13:18,875 - httpx - INFO - HTTP Request: POST https://api.olympia.bhub.cloud/v1/chat/completions "HTTP/1.1 200 OK"
2025-09-01 19:13:19,013 - httpx - INFO - HTTP Request: POST https://albert.api.etalab.gouv.fr/v1/chat/completions "HTTP/1.1 429 Too Many Requests"
2025-09-01 19:13:20,799 - httpx - INFO - HTTP Request: POST https://api.olympia.bhub.cloud/v1/chat/completions "HTTP/1.1 200 OK"
2025-09-01 19:13:20,980 - httpx - INFO - HTTP Request: POST https://albert.api.etalab.gouv.fr/v1/chat/completions "HTTP/1.1 429 Too Many Requests"
2025-09-01 19:13:22,265 - httpx - INFO - HTTP Request: POST https://api.olympia.bhub.cloud/v1/chat/completions "HTTP/1.1 200 OK"
2025-09-01 19:13:22,350 - httpx - INFO - HTTP Request: POST https://albert.api.etalab.gouv.fr/v1/chat/completions "HTTP/1.1 429 Too Many Requests"
2025-09-01 19:13:22,594 - httpx - INFO - HTTP Request: POST https://api.olympia.bhub.cloud/v1/chat/completions "HTTP/1.1 200 OK"
2025-09-01 19:13:22,722 - httpx - INFO - HTTP Request: POST https://albert.api.etalab.gouv.fr/v1/chat/completions "HTTP/1.1 429 Too Many Requests"
2025-09-01 19:13:24,649 - httpx - INFO - HTTP Request: POST https://api.olympia.bhub.cloud/v1/chat/completions "HTTP/1.1 200 OK"
2025-09-01 19:13:24,808 - httpx - INFO - HTTP Request: POST https://albert.api.etalab.gouv.fr/v1/chat/completions "HTTP/1.1 429 Too Many Requests"
2025-09-01 19:13:26,663 - httpx - INFO - HTTP Request: POST https://api.olympia.bhub.cloud/v1/chat/completions "HTTP/1.1 200 OK"
2025-09-01 19:13:26,801 - httpx - INFO - HTTP Request: POST https://albert.api.etalab.gouv.fr/v1/chat/completions "HTTP/1.1 429 Too Many Requests"
2025-09-01 19:13:29,021 - httpx - INFO - HTTP Request: POST https://api.olympia.bhub.cloud/v1/chat/completions "HTTP/1.1 200 OK"
2025-09-01 19:13:30,637 - root - INFO - Temps d'exécution : 17.79416275024414 secondes
2025-09-01 19:18:53,637 - root - INFO - Temps d'exécution : 1.5078749656677246 secondes
2025-09-01 19:20:23,427 - root - INFO - Temps d'exécution : 4.376255035400391 secondes
2025-09-01 19:23:52,877 - root - INFO - Temps d'exécution : 1.5340371131896973 secondes
2025-09-01 19:24:05,561 - root - INFO - Temps d'exécution : 0.25507140159606934 secondes
2025-09-01 19:24:25,367 - root - INFO - Temps d'exécution : 1.5087683200836182 secondes
2025-09-01 19:24:31,634 - root - INFO - Temps d'exécution : 1.5613212585449219 secondes
2025-09-01 19:25:16,450 - root - INFO - Création de la clusterisation
2025-09-01 19:25:18,055 - httpx - INFO - HTTP Request: POST https://albert.api.etalab.gouv.fr/v1/chat/completions "HTTP/1.1 429 Too Many Requests"
2025-09-01 19:25:19,304 - httpx - INFO - HTTP Request: POST https://api.olympia.bhub.cloud/v1/chat/completions "HTTP/1.1 200 OK"
2025-09-01 19:25:19,400 - httpx - INFO - HTTP Request: POST https://albert.api.etalab.gouv.fr/v1/chat/completions "HTTP/1.1 429 Too Many Requests"
2025-09-01 19:25:20,018 - httpx - INFO - HTTP Request: POST https://api.olympia.bhub.cloud/v1/chat/completions "HTTP/1.1 200 OK"
2025-09-01 19:25:20,099 - httpx - INFO - HTTP Request: POST https://albert.api.etalab.gouv.fr/v1/chat/completions "HTTP/1.1 429 Too Many Requests"
2025-09-01 19:25:20,668 - httpx - INFO - HTTP Request: POST https://api.olympia.bhub.cloud/v1/chat/completions "HTTP/1.1 200 OK"
2025-09-01 19:25:20,761 - httpx - INFO - HTTP Request: POST https://albert.api.etalab.gouv.fr/v1/chat/completions "HTTP/1.1 429 Too Many Requests"
2025-09-01 19:25:21,487 - httpx - INFO - HTTP Request: POST https://api.olympia.bhub.cloud/v1/chat/completions "HTTP/1.1 200 OK"
2025-09-01 19:25:21,576 - httpx - INFO - HTTP Request: POST https://albert.api.etalab.gouv.fr/v1/chat/completions "HTTP/1.1 429 Too Many Requests"
2025-09-01 19:25:22,280 - httpx - INFO - HTTP Request: POST https://api.olympia.bhub.cloud/v1/chat/completions "HTTP/1.1 200 OK"
2025-09-01 19:25:22,355 - httpx - INFO - HTTP Request: POST https://albert.api.etalab.gouv.fr/v1/chat/completions "HTTP/1.1 429 Too Many Requests"
2025-09-01 19:25:23,087 - httpx - INFO - HTTP Request: POST https://api.olympia.bhub.cloud/v1/chat/completions "HTTP/1.1 200 OK"
2025-09-01 19:25:23,174 - httpx - INFO - HTTP Request: POST https://albert.api.etalab.gouv.fr/v1/chat/completions "HTTP/1.1 429 Too Many Requests"
2025-09-01 19:25:23,853 - httpx - INFO - HTTP Request: POST https://api.olympia.bhub.cloud/v1/chat/completions "HTTP/1.1 200 OK"
2025-09-01 19:25:23,941 - httpx - INFO - HTTP Request: POST https://albert.api.etalab.gouv.fr/v1/chat/completions "HTTP/1.1 429 Too Many Requests"
2025-09-01 19:25:25,060 - httpx - INFO - HTTP Request: POST https://api.olympia.bhub.cloud/v1/chat/completions "HTTP/1.1 200 OK"
2025-09-01 19:25:25,169 - httpx - INFO - HTTP Request: POST https://albert.api.etalab.gouv.fr/v1/chat/completions "HTTP/1.1 429 Too Many Requests"
2025-09-01 19:25:25,981 - httpx - INFO - HTTP Request: POST https://api.olympia.bhub.cloud/v1/chat/completions "HTTP/1.1 200 OK"
2025-09-01 19:25:26,069 - httpx - INFO - HTTP Request: POST https://albert.api.etalab.gouv.fr/v1/chat/completions "HTTP/1.1 429 Too Many Requests"
2025-09-01 19:25:24,528 - httpx - INFO - HTTP Request: POST https://api.olympia.bhub.cloud/v1/chat/completions "HTTP/1.1 200 OK"
2025-09-01 19:25:25,390 - root - INFO - Temps d'exécution : 8.947218656539917 secondes
2025-09-01 19:25:50,419 - root - INFO - Temps d'exécution : 1.5365374088287354 secondes
2025-09-01 19:26:32,830 - root - INFO - Temps d'exécution : 3.8997790813446045 secondes
2025-09-01 19:28:40,638 - root - INFO - Temps d'exécution : 3.9560301303863525 secondes
2025-09-01 19:29:06,824 - root - INFO - Temps d'exécution : 0.7997860908508301 secondes
2025-09-01 19:30:05,139 - root - INFO - Temps d'exécution : 1.576902151107788 secondes
2025-09-01 19:30:54,192 - root - INFO - Temps d'exécution : 0.7711293697357178 secondes
2025-09-01 19:30:59,657 - root - INFO - Temps d'exécution : -0.5533246994018555 secondes
2025-09-01 19:31:53,176 - root - INFO - Temps d'exécution : 0.7700741291046143 secondes
2025-09-01 19:32:23,899 - root - INFO - Temps d'exécution : 0.7865414619445801 secondes
2025-09-01 19:33:00,131 - root - INFO - Temps d'exécution : 0.7756760120391846 secondes
2025-09-01 19:37:02,280 - root - INFO - Temps d'exécution : -0.45723891258239746 secondes
2025-09-01 19:48:16,438 - root - INFO - Application FastAPI démarrée ✅
2025-09-01 19:48:16,469 - root - INFO - Application FastAPI démarrée ✅
2025-09-01 19:48:24,066 - root - INFO - Temps d'exécution : 1.755779504776001 secondes
2025-09-01 19:50:00,108 - root - INFO - Temps d'exécution : 1.526017427444458 secondes
2025-09-01 19:56:48,352 - root - INFO - Application FastAPI démarrée ✅
2025-09-01 19:56:48,378 - root - INFO - Application FastAPI démarrée ✅
2025-09-01 19:56:50,123 - root - INFO - Temps d'exécution : 1.5044431686401367 secondes
2025-09-01 19:56:51,544 - root - INFO - Temps d'exécution : 1.4165735244750977 secondes
2025-09-01 20:01:31,223 - root - INFO - Temps d'exécution : 0.9734773635864258 secondes
2025-09-01 20:02:20,020 - root - INFO - Application FastAPI démarrée ✅
2025-09-01 20:02:20,042 - root - INFO - Application FastAPI démarrée ✅
2025-09-01 20:02:23,175 - root - INFO - Temps d'exécution : 1.4968748092651367 secondes
2025-09-01 20:02:30,821 - root - INFO - Temps d'exécution : 0.41570425033569336 secondes
2025-09-01 20:46:51,369 - root - INFO - Application FastAPI démarrée ✅
2025-09-01 20:46:51,431 - root - INFO - Application FastAPI démarrée ✅
2025-09-01 20:47:25,946 - root - INFO - Temps d'exécution : 2.7302169799804688 secondes
2025-09-01 20:51:01,670 - root - INFO - Application FastAPI démarrée ✅
2025-09-01 20:51:01,765 - root - INFO - Application FastAPI démarrée ✅
2025-09-01 20:51:12,914 - root - INFO - Temps d'exécution : 4.649263381958008 secondes
2025-09-01 20:53:22,538 - root - INFO - Application FastAPI démarrée ✅
2025-09-01 20:53:22,607 - root - INFO - Application FastAPI démarrée ✅
2025-09-01 20:53:32,838 - root - INFO - Temps d'exécution : 3.62570858001709 secondes
2025-09-01 20:57:38,972 - root - INFO - Création de la clusterisation
2025-09-01 20:57:43,248 - httpx - INFO - HTTP Request: POST https://albert.api.etalab.gouv.fr/v1/chat/completions "HTTP/1.1 429 Too Many Requests"
2025-09-01 20:57:45,540 - httpx - INFO - HTTP Request: POST https://api.olympia.bhub.cloud/v1/chat/completions "HTTP/1.1 200 OK"
2025-09-01 20:57:45,630 - httpx - INFO - HTTP Request: POST https://albert.api.etalab.gouv.fr/v1/chat/completions "HTTP/1.1 429 Too Many Requests"
2025-09-01 20:57:46,808 - httpx - INFO - HTTP Request: POST https://api.olympia.bhub.cloud/v1/chat/completions "HTTP/1.1 200 OK"
2025-09-01 20:57:46,909 - httpx - INFO - HTTP Request: POST https://albert.api.etalab.gouv.fr/v1/chat/completions "HTTP/1.1 429 Too Many Requests"
2025-09-01 20:57:48,721 - httpx - INFO - HTTP Request: POST https://api.olympia.bhub.cloud/v1/chat/completions "HTTP/1.1 200 OK"
2025-09-01 20:57:48,776 - httpx - INFO - HTTP Request: POST https://albert.api.etalab.gouv.fr/v1/chat/completions "HTTP/1.1 429 Too Many Requests"
2025-09-01 20:57:49,152 - httpx - INFO - HTTP Request: POST https://api.olympia.bhub.cloud/v1/chat/completions "HTTP/1.1 200 OK"
2025-09-01 20:57:49,230 - httpx - INFO - HTTP Request: POST https://albert.api.etalab.gouv.fr/v1/chat/completions "HTTP/1.1 429 Too Many Requests"
2025-09-01 20:57:51,050 - httpx - INFO - HTTP Request: POST https://api.olympia.bhub.cloud/v1/chat/completions "HTTP/1.1 200 OK"
2025-09-01 20:57:56,903 - root - INFO - Temps d'exécution : 17.954188108444214 secondes
2025-09-01 21:01:10,161 - root - INFO - Application FastAPI démarrée ✅
2025-09-01 21:01:10,199 - root - INFO - Application FastAPI démarrée ✅
2025-09-01 21:01:33,371 - root - INFO - Création de la filtration
2025-09-01 21:01:34,905 - root - INFO - Création de la clusterisation
2025-09-01 21:01:39,115 - httpx - INFO - HTTP Request: POST https://albert.api.etalab.gouv.fr/v1/chat/completions "HTTP/1.1 429 Too Many Requests"
2025-09-01 21:01:41,146 - httpx - INFO - HTTP Request: POST https://api.olympia.bhub.cloud/v1/chat/completions "HTTP/1.1 200 OK"
2025-09-01 21:01:41,364 - httpx - INFO - HTTP Request: POST https://albert.api.etalab.gouv.fr/v1/chat/completions "HTTP/1.1 429 Too Many Requests"
2025-09-01 21:01:42,816 - httpx - INFO - HTTP Request: POST https://api.olympia.bhub.cloud/v1/chat/completions "HTTP/1.1 200 OK"
2025-09-01 21:01:42,898 - httpx - INFO - HTTP Request: POST https://albert.api.etalab.gouv.fr/v1/chat/completions "HTTP/1.1 429 Too Many Requests"
2025-09-01 21:01:44,778 - httpx - INFO - HTTP Request: POST https://api.olympia.bhub.cloud/v1/chat/completions "HTTP/1.1 200 OK"
2025-09-01 21:01:44,871 - httpx - INFO - HTTP Request: POST https://albert.api.etalab.gouv.fr/v1/chat/completions "HTTP/1.1 429 Too Many Requests"
2025-09-01 21:01:45,420 - httpx - INFO - HTTP Request: POST https://api.olympia.bhub.cloud/v1/chat/completions "HTTP/1.1 200 OK"
2025-09-01 21:01:45,506 - httpx - INFO - HTTP Request: POST https://albert.api.etalab.gouv.fr/v1/chat/completions "HTTP/1.1 429 Too Many Requests"
2025-09-01 21:01:47,488 - httpx - INFO - HTTP Request: POST https://api.olympia.bhub.cloud/v1/chat/completions "HTTP/1.1 200 OK"
2025-09-01 21:01:51,853 - root - INFO - Temps d'exécution : 18.494744062423706 secondes
2025-09-01 21:01:54,644 - root - INFO - Création de la clusterisation
2025-09-01 21:01:58,703 - httpx - INFO - HTTP Request: POST https://albert.api.etalab.gouv.fr/v1/chat/completions "HTTP/1.1 429 Too Many Requests"
2025-09-01 21:01:59,919 - httpx - INFO - HTTP Request: POST https://api.olympia.bhub.cloud/v1/chat/completions "HTTP/1.1 200 OK"
2025-09-01 21:02:00,003 - httpx - INFO - HTTP Request: POST https://albert.api.etalab.gouv.fr/v1/chat/completions "HTTP/1.1 429 Too Many Requests"
2025-09-01 21:02:01,883 - httpx - INFO - HTTP Request: POST https://api.olympia.bhub.cloud/v1/chat/completions "HTTP/1.1 200 OK"
2025-09-01 21:02:02,044 - httpx - INFO - HTTP Request: POST https://albert.api.etalab.gouv.fr/v1/chat/completions "HTTP/1.1 429 Too Many Requests"
2025-09-01 21:02:03,455 - httpx - INFO - HTTP Request: POST https://api.olympia.bhub.cloud/v1/chat/completions "HTTP/1.1 200 OK"
2025-09-01 21:02:03,527 - httpx - INFO - HTTP Request: POST https://albert.api.etalab.gouv.fr/v1/chat/completions "HTTP/1.1 429 Too Many Requests"
2025-09-01 21:02:03,926 - httpx - INFO - HTTP Request: POST https://api.olympia.bhub.cloud/v1/chat/completions "HTTP/1.1 200 OK"
2025-09-01 21:02:04,011 - httpx - INFO - HTTP Request: POST https://albert.api.etalab.gouv.fr/v1/chat/completions "HTTP/1.1 429 Too Many Requests"
2025-09-01 21:02:07,065 - httpx - INFO - HTTP Request: POST https://api.olympia.bhub.cloud/v1/chat/completions "HTTP/1.1 200 OK"
2025-09-01 21:02:07,153 - httpx - INFO - HTTP Request: POST https://albert.api.etalab.gouv.fr/v1/chat/completions "HTTP/1.1 429 Too Many Requests"
2025-09-01 21:02:08,532 - httpx - INFO - HTTP Request: POST https://api.olympia.bhub.cloud/v1/chat/completions "HTTP/1.1 200 OK"
2025-09-01 21:02:08,581 - httpx - INFO - HTTP Request: POST https://albert.api.etalab.gouv.fr/v1/chat/completions "HTTP/1.1 429 Too Many Requests"
2025-09-01 21:02:09,216 - httpx - INFO - HTTP Request: POST https://api.olympia.bhub.cloud/v1/chat/completions "HTTP/1.1 200 OK"
2025-09-01 21:02:09,314 - httpx - INFO - HTTP Request: POST https://albert.api.etalab.gouv.fr/v1/chat/completions "HTTP/1.1 429 Too Many Requests"
2025-09-01 21:02:11,453 - httpx - INFO - HTTP Request: POST https://api.olympia.bhub.cloud/v1/chat/completions "HTTP/1.1 200 OK"
2025-09-01 21:02:11,522 - httpx - INFO - HTTP Request: POST https://albert.api.etalab.gouv.fr/v1/chat/completions "HTTP/1.1 429 Too Many Requests"
2025-09-01 21:02:13,345 - httpx - INFO - HTTP Request: POST https://api.olympia.bhub.cloud/v1/chat/completions "HTTP/1.1 200 OK"
2025-09-01 21:02:13,436 - httpx - INFO - HTTP Request: POST https://albert.api.etalab.gouv.fr/v1/chat/completions "HTTP/1.1 429 Too Many Requests"
2025-09-01 21:02:15,408 - httpx - INFO - HTTP Request: POST https://api.olympia.bhub.cloud/v1/chat/completions "HTTP/1.1 200 OK"
2025-09-01 21:02:19,428 - root - INFO - Temps d'exécution : 24.799581289291382 secondes
2025-09-02 13:19:13,941 - root - INFO - Temps d'exécution : 2.89304256439209 secondes
2025-09-02 13:22:09,111 - root - INFO - Application FastAPI démarrée ✅
2025-09-02 13:22:09,143 - root - INFO - Application FastAPI démarrée ✅
2025-09-02 13:24:25,157 - root - INFO - Création de la filtration
2025-09-02 13:24:25,279 - root - INFO - Création de la clusterisation
2025-09-02 13:24:33,552 - httpx - INFO - HTTP Request: POST https://albert.api.etalab.gouv.fr/v1/chat/completions "HTTP/1.1 200 OK"
2025-09-02 13:24:34,061 - httpx - INFO - HTTP Request: POST https://albert.api.etalab.gouv.fr/v1/chat/completions "HTTP/1.1 200 OK"
2025-09-02 13:24:35,221 - httpx - INFO - HTTP Request: POST https://albert.api.etalab.gouv.fr/v1/chat/completions "HTTP/1.1 200 OK"
2025-09-02 13:24:35,626 - httpx - INFO - HTTP Request: POST https://albert.api.etalab.gouv.fr/v1/chat/completions "HTTP/1.1 200 OK"
2025-09-02 13:24:36,215 - httpx - INFO - HTTP Request: POST https://albert.api.etalab.gouv.fr/v1/chat/completions "HTTP/1.1 200 OK"
2025-09-02 13:24:37,301 - httpx - INFO - HTTP Request: POST https://albert.api.etalab.gouv.fr/v1/chat/completions "HTTP/1.1 200 OK"
2025-09-02 13:24:37,909 - httpx - INFO - HTTP Request: POST https://albert.api.etalab.gouv.fr/v1/chat/completions "HTTP/1.1 200 OK"
2025-09-02 13:24:38,868 - httpx - INFO - HTTP Request: POST https://albert.api.etalab.gouv.fr/v1/chat/completions "HTTP/1.1 200 OK"
2025-09-02 13:24:39,382 - httpx - INFO - HTTP Request: POST https://albert.api.etalab.gouv.fr/v1/chat/completions "HTTP/1.1 200 OK"
2025-09-02 13:24:40,662 - httpx - INFO - HTTP Request: POST https://albert.api.etalab.gouv.fr/v1/chat/completions "HTTP/1.1 200 OK"
2025-09-02 13:24:44,491 - root - INFO - Temps d'exécution : 19.338741540908813 secondes
2025-09-02 13:24:49,440 - root - INFO - Création de la clusterisation
2025-09-02 13:24:51,227 - root - INFO - Création de la clusterisation
2025-09-02 13:24:54,296 - httpx - INFO - HTTP Request: POST https://albert.api.etalab.gouv.fr/v1/chat/completions "HTTP/1.1 200 OK"
2025-09-02 13:24:54,299 - httpx - INFO - HTTP Request: POST https://albert.api.etalab.gouv.fr/v1/chat/completions "HTTP/1.1 200 OK"
2025-09-02 13:24:55,604 - httpx - INFO - HTTP Request: POST https://albert.api.etalab.gouv.fr/v1/chat/completions "HTTP/1.1 200 OK"
2025-09-02 13:24:55,782 - httpx - INFO - HTTP Request: POST https://albert.api.etalab.gouv.fr/v1/chat/completions "HTTP/1.1 200 OK"
2025-09-02 13:24:56,487 - httpx - INFO - HTTP Request: POST https://albert.api.etalab.gouv.fr/v1/chat/completions "HTTP/1.1 200 OK"
2025-09-02 13:24:56,577 - httpx - INFO - HTTP Request: POST https://albert.api.etalab.gouv.fr/v1/chat/completions "HTTP/1.1 200 OK"
2025-09-02 13:24:56,925 - httpx - INFO - HTTP Request: POST https://albert.api.etalab.gouv.fr/v1/chat/completions "HTTP/1.1 200 OK"
2025-09-02 13:24:56,986 - httpx - INFO - HTTP Request: POST https://albert.api.etalab.gouv.fr/v1/chat/completions "HTTP/1.1 200 OK"
2025-09-02 13:24:58,837 - httpx - INFO - HTTP Request: POST https://albert.api.etalab.gouv.fr/v1/chat/completions "HTTP/1.1 200 OK"
2025-09-02 13:24:58,868 - httpx - INFO - HTTP Request: POST https://albert.api.etalab.gouv.fr/v1/chat/completions "HTTP/1.1 200 OK"
2025-09-02 13:24:59,621 - httpx - INFO - HTTP Request: POST https://albert.api.etalab.gouv.fr/v1/chat/completions "HTTP/1.1 200 OK"
2025-09-02 13:24:59,912 - httpx - INFO - HTTP Request: POST https://albert.api.etalab.gouv.fr/v1/chat/completions "HTTP/1.1 200 OK"
2025-09-02 13:24:59,939 - httpx - INFO - HTTP Request: POST https://albert.api.etalab.gouv.fr/v1/chat/completions "HTTP/1.1 200 OK"
2025-09-02 13:25:01,222 - httpx - INFO - HTTP Request: POST https://albert.api.etalab.gouv.fr/v1/chat/completions "HTTP/1.1 200 OK"
2025-09-02 13:25:01,365 - httpx - INFO - HTTP Request: POST https://albert.api.etalab.gouv.fr/v1/chat/completions "HTTP/1.1 200 OK"
2025-09-02 13:25:02,421 - httpx - INFO - HTTP Request: POST https://albert.api.etalab.gouv.fr/v1/chat/completions "HTTP/1.1 200 OK"
2025-09-02 13:25:03,861 - httpx - INFO - HTTP Request: POST https://albert.api.etalab.gouv.fr/v1/chat/completions "HTTP/1.1 200 OK"
2025-09-02 13:25:03,862 - httpx - INFO - HTTP Request: POST https://albert.api.etalab.gouv.fr/v1/chat/completions "HTTP/1.1 200 OK"
2025-09-02 13:25:05,821 - httpx - INFO - HTTP Request: POST https://albert.api.etalab.gouv.fr/v1/chat/completions "HTTP/1.1 200 OK"
2025-09-02 13:25:07,211 - root - INFO - Temps d'exécution : 17.779686450958252 secondes
2025-09-02 13:25:07,215 - httpx - INFO - HTTP Request: POST https://albert.api.etalab.gouv.fr/v1/chat/completions "HTTP/1.1 200 OK"
2025-09-02 13:25:08,582 - root - INFO - Temps d'exécution : 17.36250138282776 secondes
